

Processing SessionsController#show (for 127.0.0.1 at 2009-03-06 12:37:11) [GET]
  Session ID: 3a8a1813bece359300f9b1e82b7d99bc
  Parameters: {"action"=>"show", "controller"=>"sessions"}
Redirected to /login
Filter chain halted as [:authenticated] rendered_or_redirected.
Completed in 1ms (DB: 1) | 302 Found [http://localhost/session]


Processing SessionsController#new (for 127.0.0.1 at 2009-03-06 12:37:11) [GET]
  Session ID: 3a8a1813bece359300f9b1e82b7d99bc
  Parameters: {"action"=>"new", "controller"=>"sessions"}
Redirected to /login
Filter chain halted as [:authenticated] rendered_or_redirected.
Completed in 0ms (DB: 1) | 302 Found [http://localhost/login]


Processing SessionsController#new (for 127.0.0.1 at 2009-03-06 12:37:11) [GET]
  Session ID: 3a8a1813bece359300f9b1e82b7d99bc
  Parameters: {"action"=>"new", "controller"=>"sessions"}
Redirected to /login
Filter chain halted as [:authenticated] rendered_or_redirected.
Completed in 0ms (DB: 1) | 302 Found [http://localhost/login]


Processing SessionsController#new (for 127.0.0.1 at 2009-03-06 12:37:11) [GET]
  Session ID: 3a8a1813bece359300f9b1e82b7d99bc
  Parameters: {"action"=>"new", "controller"=>"sessions"}
Redirected to /login
Filter chain halted as [:authenticated] rendered_or_redirected.
Completed in 0ms (DB: 1) | 302 Found [http://localhost/login]


Processing SessionsController#new (for 127.0.0.1 at 2009-03-06 12:37:11) [GET]
  Session ID: 3a8a1813bece359300f9b1e82b7d99bc
  Parameters: {"action"=>"new", "controller"=>"sessions"}
Redirected to /login
Filter chain halted as [:authenticated] rendered_or_redirected.
Completed in 0ms (DB: 1) | 302 Found [http://localhost/login]


Processing SessionsController#new (for 127.0.0.1 at 2009-03-06 12:37:11) [GET]
  Session ID: 3a8a1813bece359300f9b1e82b7d99bc
  Parameters: {"action"=>"new", "controller"=>"sessions"}
Redirected to /login
Filter chain halted as [:authenticated] rendered_or_redirected.
Completed in 0ms (DB: 1) | 302 Found [http://localhost/login]


Processing SessionsController#new (for 127.0.0.1 at 2009-03-06 12:37:12) [GET]
  Session ID: 3a8a1813bece359300f9b1e82b7d99bc
  Parameters: {"action"=>"new", "controller"=>"sessions"}
Redirected to /login
Filter chain halted as [:authenticated] rendered_or_redirected.
Completed in 0ms (DB: 1) | 302 Found [http://localhost/login]


Processing SessionsController#new (for 127.0.0.1 at 2009-03-06 12:37:12) [GET]
  Session ID: 3a8a1813bece359300f9b1e82b7d99bc
  Parameters: {"action"=>"new", "controller"=>"sessions"}
Redirected to /login
Filter chain halted as [:authenticated] rendered_or_redirected.
Completed in 0ms (DB: 1) | 302 Found [http://localhost/login]


Processing SessionsController#new (for 127.0.0.1 at 2009-03-06 12:37:12) [GET]
  Session ID: 3a8a1813bece359300f9b1e82b7d99bc
  Parameters: {"action"=>"new", "controller"=>"sessions"}
Redirected to /login
Filter chain halted as [:authenticated] rendered_or_redirected.
Completed in 0ms (DB: 1) | 302 Found [http://localhost/login]


Processing SessionsController#new (for 127.0.0.1 at 2009-03-06 12:37:12) [GET]
  Session ID: 3a8a1813bece359300f9b1e82b7d99bc
  Parameters: {"action"=>"new", "controller"=>"sessions"}
Redirected to /login
Filter chain halted as [:authenticated] rendered_or_redirected.
Completed in 0ms (DB: 1) | 302 Found [http://localhost/login]


Processing SessionsController#new (for 127.0.0.1 at 2009-03-06 12:37:12) [GET]
  Session ID: 3a8a1813bece359300f9b1e82b7d99bc
  Parameters: {"action"=>"new", "controller"=>"sessions"}
Redirected to /login
Filter chain halted as [:authenticated] rendered_or_redirected.
Completed in 0ms (DB: 1) | 302 Found [http://localhost/login]


Processing SessionsController#new (for 127.0.0.1 at 2009-03-06 12:37:12) [GET]
  Session ID: 3a8a1813bece359300f9b1e82b7d99bc
  Parameters: {"action"=>"new", "controller"=>"sessions"}
Redirected to /login
Filter chain halted as [:authenticated] rendered_or_redirected.
Completed in 0ms (DB: 1) | 302 Found [http://localhost/login]


Processing SessionsController#new (for 127.0.0.1 at 2009-03-06 12:37:12) [GET]
  Session ID: 3a8a1813bece359300f9b1e82b7d99bc
  Parameters: {"action"=>"new", "controller"=>"sessions"}
Redirected to /login
Filter chain halted as [:authenticated] rendered_or_redirected.
Completed in 0ms (DB: 1) | 302 Found [http://localhost/login]


Processing SessionsController#new (for 127.0.0.1 at 2009-03-06 12:37:12) [GET]
  Session ID: 3a8a1813bece359300f9b1e82b7d99bc
  Parameters: {"action"=>"new", "controller"=>"sessions"}
Redirected to /login
Filter chain halted as [:authenticated] rendered_or_redirected.
Completed in 0ms (DB: 1) | 302 Found [http://localhost/login]


Processing SessionsController#new (for 127.0.0.1 at 2009-03-06 12:37:12) [GET]
  Session ID: 3a8a1813bece359300f9b1e82b7d99bc
  Parameters: {"action"=>"new", "controller"=>"sessions"}
Redirected to /login
Filter chain halted as [:authenticated] rendered_or_redirected.
Completed in 1ms (DB: 1) | 302 Found [http://localhost/login]


Processing SessionsController#new (for 127.0.0.1 at 2009-03-06 12:37:12) [GET]
  Session ID: 3a8a1813bece359300f9b1e82b7d99bc
  Parameters: {"action"=>"new", "controller"=>"sessions"}
Redirected to /login
Filter chain halted as [:authenticated] rendered_or_redirected.
Completed in 0ms (DB: 1) | 302 Found [http://localhost/login]


Processing SessionsController#new (for 127.0.0.1 at 2009-03-06 12:37:13) [GET]
  Session ID: 3a8a1813bece359300f9b1e82b7d99bc
  Parameters: {"action"=>"new", "controller"=>"sessions"}
Redirected to /login
Filter chain halted as [:authenticated] rendered_or_redirected.
Completed in 0ms (DB: 1) | 302 Found [http://localhost/login]


Processing SessionsController#new (for 127.0.0.1 at 2009-03-06 12:37:13) [GET]
  Session ID: 3a8a1813bece359300f9b1e82b7d99bc
  Parameters: {"action"=>"new", "controller"=>"sessions"}
Redirected to /login
Filter chain halted as [:authenticated] rendered_or_redirected.
Completed in 0ms (DB: 1) | 302 Found [http://localhost/login]


Processing SessionsController#new (for 127.0.0.1 at 2009-03-06 12:37:13) [GET]
  Session ID: 3a8a1813bece359300f9b1e82b7d99bc
  Parameters: {"action"=>"new", "controller"=>"sessions"}
Redirected to /login
Filter chain halted as [:authenticated] rendered_or_redirected.
Completed in 0ms (DB: 1) | 302 Found [http://localhost/login]


Processing SessionsController#new (for 127.0.0.1 at 2009-03-06 12:37:13) [GET]
  Session ID: 3a8a1813bece359300f9b1e82b7d99bc
  Parameters: {"action"=>"new", "controller"=>"sessions"}
Redirected to /login
Filter chain halted as [:authenticated] rendered_or_redirected.
Completed in 0ms (DB: 1) | 302 Found [http://localhost/login]


Processing SessionsController#new (for 127.0.0.1 at 2009-03-06 12:37:13) [GET]
  Session ID: 3a8a1813bece359300f9b1e82b7d99bc
  Parameters: {"action"=>"new", "controller"=>"sessions"}
Redirected to /login
Filter chain halted as [:authenticated] rendered_or_redirected.
Completed in 0ms (DB: 1) | 302 Found [http://localhost/login]


Processing SessionsController#index (for 127.0.0.1 at 2009-03-06 12:37:20) [GET]
  Session ID: 3a8a1813bece359300f9b1e82b7d99bc
  Parameters: {"action"=>"index", "controller"=>"sessions"}
Redirected to /login
Filter chain halted as [:authenticated] rendered_or_redirected.
Completed in 0ms (DB: 1) | 302 Found [http://localhost/sessions]


Processing SessionsController#new (for 127.0.0.1 at 2009-03-06 12:37:20) [GET]
  Session ID: 3a8a1813bece359300f9b1e82b7d99bc
  Parameters: {"action"=>"new", "controller"=>"sessions"}
Redirected to /login
Filter chain halted as [:authenticated] rendered_or_redirected.
Completed in 0ms (DB: 1) | 302 Found [http://localhost/login]


Processing SessionsController#new (for 127.0.0.1 at 2009-03-06 12:37:20) [GET]
  Session ID: 3a8a1813bece359300f9b1e82b7d99bc
  Parameters: {"action"=>"new", "controller"=>"sessions"}
Redirected to /login
Filter chain halted as [:authenticated] rendered_or_redirected.
Completed in 0ms (DB: 1) | 302 Found [http://localhost/login]


Processing SessionsController#new (for 127.0.0.1 at 2009-03-06 12:37:20) [GET]
  Session ID: 3a8a1813bece359300f9b1e82b7d99bc
  Parameters: {"action"=>"new", "controller"=>"sessions"}
Redirected to /login
Filter chain halted as [:authenticated] rendered_or_redirected.
Completed in 0ms (DB: 1) | 302 Found [http://localhost/login]


Processing SessionsController#new (for 127.0.0.1 at 2009-03-06 12:37:20) [GET]
  Session ID: 3a8a1813bece359300f9b1e82b7d99bc
  Parameters: {"action"=>"new", "controller"=>"sessions"}
Redirected to /login
Filter chain halted as [:authenticated] rendered_or_redirected.
Completed in 0ms (DB: 1) | 302 Found [http://localhost/login]


Processing SessionsController#new (for 127.0.0.1 at 2009-03-06 12:37:21) [GET]
  Session ID: 3a8a1813bece359300f9b1e82b7d99bc
  Parameters: {"action"=>"new", "controller"=>"sessions"}
Redirected to /login
Filter chain halted as [:authenticated] rendered_or_redirected.
Completed in 0ms (DB: 1) | 302 Found [http://localhost/login]


Processing SessionsController#new (for 127.0.0.1 at 2009-03-06 12:37:21) [GET]
  Session ID: 3a8a1813bece359300f9b1e82b7d99bc
  Parameters: {"action"=>"new", "controller"=>"sessions"}
Redirected to /login
Filter chain halted as [:authenticated] rendered_or_redirected.
Completed in 0ms (DB: 1) | 302 Found [http://localhost/login]


Processing SessionsController#new (for 127.0.0.1 at 2009-03-06 12:37:21) [GET]
  Session ID: 3a8a1813bece359300f9b1e82b7d99bc
  Parameters: {"action"=>"new", "controller"=>"sessions"}
Redirected to /login
Filter chain halted as [:authenticated] rendered_or_redirected.
Completed in 0ms (DB: 1) | 302 Found [http://localhost/login]


Processing SessionsController#new (for 127.0.0.1 at 2009-03-06 12:37:21) [GET]
  Session ID: 3a8a1813bece359300f9b1e82b7d99bc
  Parameters: {"action"=>"new", "controller"=>"sessions"}
Redirected to /login
Filter chain halted as [:authenticated] rendered_or_redirected.
Completed in 0ms (DB: 1) | 302 Found [http://localhost/login]


Processing SessionsController#new (for 127.0.0.1 at 2009-03-06 12:37:21) [GET]
  Session ID: 3a8a1813bece359300f9b1e82b7d99bc
  Parameters: {"action"=>"new", "controller"=>"sessions"}
Redirected to /login
Filter chain halted as [:authenticated] rendered_or_redirected.
Completed in 0ms (DB: 1) | 302 Found [http://localhost/login]


Processing SessionsController#new (for 127.0.0.1 at 2009-03-06 12:37:21) [GET]
  Session ID: 3a8a1813bece359300f9b1e82b7d99bc
  Parameters: {"action"=>"new", "controller"=>"sessions"}
Redirected to /login
Filter chain halted as [:authenticated] rendered_or_redirected.
Completed in 0ms (DB: 1) | 302 Found [http://localhost/login]


Processing SessionsController#new (for 127.0.0.1 at 2009-03-06 12:37:21) [GET]
  Session ID: 3a8a1813bece359300f9b1e82b7d99bc
  Parameters: {"action"=>"new", "controller"=>"sessions"}
Redirected to /login
Filter chain halted as [:authenticated] rendered_or_redirected.
Completed in 0ms (DB: 1) | 302 Found [http://localhost/login]


Processing SessionsController#new (for 127.0.0.1 at 2009-03-06 12:37:21) [GET]
  Session ID: 3a8a1813bece359300f9b1e82b7d99bc
  Parameters: {"action"=>"new", "controller"=>"sessions"}
Redirected to /login
Filter chain halted as [:authenticated] rendered_or_redirected.
Completed in 0ms (DB: 1) | 302 Found [http://localhost/login]


Processing SessionsController#new (for 127.0.0.1 at 2009-03-06 12:37:21) [GET]
  Session ID: 3a8a1813bece359300f9b1e82b7d99bc
  Parameters: {"action"=>"new", "controller"=>"sessions"}
Redirected to /login
Filter chain halted as [:authenticated] rendered_or_redirected.
Completed in 0ms (DB: 1) | 302 Found [http://localhost/login]


Processing SessionsController#new (for 127.0.0.1 at 2009-03-06 12:37:22) [GET]
  Session ID: 3a8a1813bece359300f9b1e82b7d99bc
  Parameters: {"action"=>"new", "controller"=>"sessions"}
Redirected to /login
Filter chain halted as [:authenticated] rendered_or_redirected.
Completed in 0ms (DB: 1) | 302 Found [http://localhost/login]


Processing SessionsController#new (for 127.0.0.1 at 2009-03-06 12:37:22) [GET]
  Session ID: 3a8a1813bece359300f9b1e82b7d99bc
  Parameters: {"action"=>"new", "controller"=>"sessions"}
Redirected to /login
Filter chain halted as [:authenticated] rendered_or_redirected.
Completed in 0ms (DB: 1) | 302 Found [http://localhost/login]


Processing SessionsController#new (for 127.0.0.1 at 2009-03-06 12:37:22) [GET]
  Session ID: 3a8a1813bece359300f9b1e82b7d99bc
  Parameters: {"action"=>"new", "controller"=>"sessions"}
Redirected to /login
Filter chain halted as [:authenticated] rendered_or_redirected.
Completed in 0ms (DB: 2) | 302 Found [http://localhost/login]


Processing SessionsController#new (for 127.0.0.1 at 2009-03-06 12:37:22) [GET]
  Session ID: 3a8a1813bece359300f9b1e82b7d99bc
  Parameters: {"action"=>"new", "controller"=>"sessions"}
Redirected to /login
Filter chain halted as [:authenticated] rendered_or_redirected.
Completed in 0ms (DB: 1) | 302 Found [http://localhost/login]


Processing SessionsController#new (for 127.0.0.1 at 2009-03-06 12:37:22) [GET]
  Session ID: 3a8a1813bece359300f9b1e82b7d99bc
  Parameters: {"action"=>"new", "controller"=>"sessions"}
Redirected to /login
Filter chain halted as [:authenticated] rendered_or_redirected.
Completed in 0ms (DB: 1) | 302 Found [http://localhost/login]


Processing SessionsController#new (for 127.0.0.1 at 2009-03-06 12:37:22) [GET]
  Session ID: 3a8a1813bece359300f9b1e82b7d99bc
  Parameters: {"action"=>"new", "controller"=>"sessions"}
Redirected to /login
Filter chain halted as [:authenticated] rendered_or_redirected.
Completed in 0ms (DB: 1) | 302 Found [http://localhost/login]


Processing SessionsController#new (for 127.0.0.1 at 2009-03-06 12:37:22) [GET]
  Session ID: 3a8a1813bece359300f9b1e82b7d99bc
  Parameters: {"action"=>"new", "controller"=>"sessions"}
Redirected to /login
Filter chain halted as [:authenticated] rendered_or_redirected.
Completed in 0ms (DB: 1) | 302 Found [http://localhost/login]


Processing SessionsController#new (for 127.0.0.1 at 2009-03-06 12:37:27) [GET]
  Session ID: 3a8a1813bece359300f9b1e82b7d99bc
  Parameters: {"action"=>"new", "controller"=>"sessions"}
Redirected to /login
Filter chain halted as [:authenticated] rendered_or_redirected.
Completed in 0ms (DB: 1) | 302 Found [http://localhost/sessions/new]


Processing SessionsController#new (for 127.0.0.1 at 2009-03-06 12:37:27) [GET]
  Session ID: 3a8a1813bece359300f9b1e82b7d99bc
  Parameters: {"action"=>"new", "controller"=>"sessions"}
Redirected to /login
Filter chain halted as [:authenticated] rendered_or_redirected.
Completed in 0ms (DB: 1) | 302 Found [http://localhost/login]


Processing SessionsController#new (for 127.0.0.1 at 2009-03-06 12:37:27) [GET]
  Session ID: 3a8a1813bece359300f9b1e82b7d99bc
  Parameters: {"action"=>"new", "controller"=>"sessions"}
Redirected to /login
Filter chain halted as [:authenticated] rendered_or_redirected.
Completed in 0ms (DB: 1) | 302 Found [http://localhost/login]


Processing SessionsController#new (for 127.0.0.1 at 2009-03-06 12:37:27) [GET]
  Session ID: 3a8a1813bece359300f9b1e82b7d99bc
  Parameters: {"action"=>"new", "controller"=>"sessions"}
Redirected to /login
Filter chain halted as [:authenticated] rendered_or_redirected.
Completed in 0ms (DB: 1) | 302 Found [http://localhost/login]


Processing SessionsController#new (for 127.0.0.1 at 2009-03-06 12:37:28) [GET]
  Session ID: 3a8a1813bece359300f9b1e82b7d99bc
  Parameters: {"action"=>"new", "controller"=>"sessions"}
Redirected to /login
Filter chain halted as [:authenticated] rendered_or_redirected.
Completed in 0ms (DB: 1) | 302 Found [http://localhost/login]


Processing SessionsController#new (for 127.0.0.1 at 2009-03-06 12:37:28) [GET]
  Session ID: 3a8a1813bece359300f9b1e82b7d99bc
  Parameters: {"action"=>"new", "controller"=>"sessions"}
Redirected to /login
Filter chain halted as [:authenticated] rendered_or_redirected.
Completed in 0ms (DB: 1) | 302 Found [http://localhost/login]


Processing SessionsController#new (for 127.0.0.1 at 2009-03-06 12:37:28) [GET]
  Session ID: 3a8a1813bece359300f9b1e82b7d99bc
  Parameters: {"action"=>"new", "controller"=>"sessions"}
Redirected to /login
Filter chain halted as [:authenticated] rendered_or_redirected.
Completed in 71ms (DB: 1) | 302 Found [http://localhost/login]


Processing SessionsController#new (for 127.0.0.1 at 2009-03-06 12:37:28) [GET]
  Session ID: 3a8a1813bece359300f9b1e82b7d99bc
  Parameters: {"action"=>"new", "controller"=>"sessions"}
Redirected to /login
Filter chain halted as [:authenticated] rendered_or_redirected.
Completed in 0ms (DB: 1) | 302 Found [http://localhost/login]


Processing SessionsController#new (for 127.0.0.1 at 2009-03-06 12:37:28) [GET]
  Session ID: 3a8a1813bece359300f9b1e82b7d99bc
  Parameters: {"action"=>"new", "controller"=>"sessions"}
Redirected to /login
Filter chain halted as [:authenticated] rendered_or_redirected.
Completed in 0ms (DB: 1) | 302 Found [http://localhost/login]


Processing SessionsController#new (for 127.0.0.1 at 2009-03-06 12:37:28) [GET]
  Session ID: 3a8a1813bece359300f9b1e82b7d99bc
  Parameters: {"action"=>"new", "controller"=>"sessions"}
Redirected to /login
Filter chain halted as [:authenticated] rendered_or_redirected.
Completed in 0ms (DB: 1) | 302 Found [http://localhost/login]


Processing SessionsController#new (for 127.0.0.1 at 2009-03-06 12:37:28) [GET]
  Session ID: 3a8a1813bece359300f9b1e82b7d99bc
  Parameters: {"action"=>"new", "controller"=>"sessions"}
Redirected to /login
Filter chain halted as [:authenticated] rendered_or_redirected.
Completed in 0ms (DB: 1) | 302 Found [http://localhost/login]


Processing SessionsController#new (for 127.0.0.1 at 2009-03-06 12:37:28) [GET]
  Session ID: 3a8a1813bece359300f9b1e82b7d99bc
  Parameters: {"action"=>"new", "controller"=>"sessions"}
Redirected to /login
Filter chain halted as [:authenticated] rendered_or_redirected.
Completed in 0ms (DB: 1) | 302 Found [http://localhost/login]


Processing SessionsController#new (for 127.0.0.1 at 2009-03-06 12:37:28) [GET]
  Session ID: 3a8a1813bece359300f9b1e82b7d99bc
  Parameters: {"action"=>"new", "controller"=>"sessions"}
Redirected to /login
Filter chain halted as [:authenticated] rendered_or_redirected.
Completed in 0ms (DB: 1) | 302 Found [http://localhost/login]


Processing SessionsController#new (for 127.0.0.1 at 2009-03-06 12:37:29) [GET]
  Session ID: 3a8a1813bece359300f9b1e82b7d99bc
  Parameters: {"action"=>"new", "controller"=>"sessions"}
Redirected to /login
Filter chain halted as [:authenticated] rendered_or_redirected.
Completed in 0ms (DB: 1) | 302 Found [http://localhost/login]


Processing SessionsController#new (for 127.0.0.1 at 2009-03-06 12:37:29) [GET]
  Session ID: 3a8a1813bece359300f9b1e82b7d99bc
  Parameters: {"action"=>"new", "controller"=>"sessions"}
Redirected to /login
Filter chain halted as [:authenticated] rendered_or_redirected.
Completed in 0ms (DB: 1) | 302 Found [http://localhost/login]


Processing SessionsController#new (for 127.0.0.1 at 2009-03-06 12:37:29) [GET]
  Session ID: 3a8a1813bece359300f9b1e82b7d99bc
  Parameters: {"action"=>"new", "controller"=>"sessions"}
Redirected to /login
Filter chain halted as [:authenticated] rendered_or_redirected.
Completed in 0ms (DB: 1) | 302 Found [http://localhost/login]


Processing SessionsController#new (for 127.0.0.1 at 2009-03-06 12:37:29) [GET]
  Session ID: 3a8a1813bece359300f9b1e82b7d99bc
  Parameters: {"action"=>"new", "controller"=>"sessions"}
Redirected to /login
Filter chain halted as [:authenticated] rendered_or_redirected.
Completed in 0ms (DB: 1) | 302 Found [http://localhost/login]


Processing SessionsController#new (for 127.0.0.1 at 2009-03-06 12:37:29) [GET]
  Session ID: 3a8a1813bece359300f9b1e82b7d99bc
  Parameters: {"action"=>"new", "controller"=>"sessions"}
Redirected to /login
Filter chain halted as [:authenticated] rendered_or_redirected.
Completed in 0ms (DB: 1) | 302 Found [http://localhost/login]


Processing SessionsController#new (for 127.0.0.1 at 2009-03-06 12:37:29) [GET]
  Session ID: 3a8a1813bece359300f9b1e82b7d99bc
  Parameters: {"action"=>"new", "controller"=>"sessions"}
Redirected to /login
Filter chain halted as [:authenticated] rendered_or_redirected.
Completed in 0ms (DB: 1) | 302 Found [http://localhost/login]


Processing SessionsController#new (for 127.0.0.1 at 2009-03-06 12:37:29) [GET]
  Session ID: 3a8a1813bece359300f9b1e82b7d99bc
  Parameters: {"action"=>"new", "controller"=>"sessions"}
Redirected to /login
Filter chain halted as [:authenticated] rendered_or_redirected.
Completed in 0ms (DB: 1) | 302 Found [http://localhost/login]


Processing SessionsController#new (for 127.0.0.1 at 2009-03-06 12:37:29) [GET]
  Session ID: 3a8a1813bece359300f9b1e82b7d99bc
  Parameters: {"action"=>"new", "controller"=>"sessions"}
Redirected to /login
Filter chain halted as [:authenticated] rendered_or_redirected.
Completed in 0ms (DB: 1) | 302 Found [http://localhost/login]


Processing SessionsController#new (for 127.0.0.1 at 2009-03-06 12:39:19) [GET]
  Session ID: 3a8a1813bece359300f9b1e82b7d99bc
  Parameters: {"action"=>"new", "controller"=>"sessions"}
Rendering template within layouts/one_box
Rendering sessions/new
Completed in 22ms (View: 19, DB: 1) | 200 OK [http://localhost/login]


Processing SessionsController#create (for 127.0.0.1 at 2009-03-06 12:39:28) [POST]
  Session ID: 3a8a1813bece359300f9b1e82b7d99bc
  Parameters: {"commit"=>"Iniciar sesión", "openid_url"=>"", "action"=>"create", "authenticity_token"=>"67252320380ed0ba5a165f4c86518997b15038c9", "controller"=>"sessions", "login"=>"admin", "password"=>"[FILTERED]"}
Cookie set: auth_token=; path=/; expires=Thu, 01 Jan 1970 00:00:00 GMT
  [4;36;1mUser Load (0.8ms)[0m   [0;1mSELECT * FROM "users" WHERE ("users"."login" = 'admin') AND (users.state = 'active') LIMIT 1[0m
Cookie set: auth_token=; path=/


NameError (undefined local variable or method `non_conformances_path' for #<SessionsController:0xb5079b98>):
    /app/controllers/sessions_controller.rb:54:in `successful_login'
    /app/controllers/sessions_controller.rb:42:in `password_authentication'
    /app/controllers/sessions_controller.rb:14:in `create'
    /usr/lib/ruby/gems/1.8/gems/actionpack-2.2.2/lib/action_controller/base.rb:1253:in `send'
    /usr/lib/ruby/gems/1.8/gems/actionpack-2.2.2/lib/action_controller/base.rb:1253:in `perform_action_without_filters'
    /usr/lib/ruby/gems/1.8/gems/actionpack-2.2.2/lib/action_controller/filters.rb:617:in `call_filters'
    /usr/lib/ruby/gems/1.8/gems/actionpack-2.2.2/lib/action_controller/filters.rb:610:in `perform_action_without_benchmark'
    /usr/lib/ruby/gems/1.8/gems/actionpack-2.2.2/lib/action_controller/benchmarking.rb:68:in `perform_action_without_rescue'
    /usr/lib/ruby/1.8/benchmark.rb:293:in `measure'
    /usr/lib/ruby/gems/1.8/gems/actionpack-2.2.2/lib/action_controller/benchmarking.rb:68:in `perform_action_without_rescue'
    /usr/lib/ruby/gems/1.8/gems/actionpack-2.2.2/lib/action_controller/rescue.rb:136:in `perform_action_without_caching'
    /usr/lib/ruby/gems/1.8/gems/actionpack-2.2.2/lib/action_controller/caching/sql_cache.rb:13:in `perform_action'
    /usr/lib/ruby/gems/1.8/gems/activerecord-2.2.2/lib/active_record/connection_adapters/abstract/query_cache.rb:34:in `cache'
    /usr/lib/ruby/gems/1.8/gems/activerecord-2.2.2/lib/active_record/query_cache.rb:8:in `cache'
    /usr/lib/ruby/gems/1.8/gems/actionpack-2.2.2/lib/action_controller/caching/sql_cache.rb:12:in `perform_action'
    /usr/lib/ruby/gems/1.8/gems/actionpack-2.2.2/lib/action_controller/base.rb:524:in `send'
    /usr/lib/ruby/gems/1.8/gems/actionpack-2.2.2/lib/action_controller/base.rb:524:in `process_without_filters'
    /usr/lib/ruby/gems/1.8/gems/actionpack-2.2.2/lib/action_controller/filters.rb:606:in `process_without_session_management_support'
    /usr/lib/ruby/gems/1.8/gems/actionpack-2.2.2/lib/action_controller/session_management.rb:134:in `process'
    /usr/lib/ruby/gems/1.8/gems/actionpack-2.2.2/lib/action_controller/base.rb:392:in `process'
    /usr/lib/ruby/gems/1.8/gems/actionpack-2.2.2/lib/action_controller/dispatcher.rb:183:in `handle_request'
    /usr/lib/ruby/gems/1.8/gems/actionpack-2.2.2/lib/action_controller/dispatcher.rb:110:in `dispatch_unlocked'
    /usr/lib/ruby/gems/1.8/gems/actionpack-2.2.2/lib/action_controller/dispatcher.rb:123:in `dispatch'
    /usr/lib/ruby/gems/1.8/gems/actionpack-2.2.2/lib/action_controller/dispatcher.rb:122:in `synchronize'
    /usr/lib/ruby/gems/1.8/gems/actionpack-2.2.2/lib/action_controller/dispatcher.rb:122:in `dispatch'
    /usr/lib/ruby/gems/1.8/gems/actionpack-2.2.2/lib/action_controller/dispatcher.rb:132:in `dispatch_cgi'
    /usr/lib/ruby/gems/1.8/gems/actionpack-2.2.2/lib/action_controller/dispatcher.rb:39:in `dispatch'
    /usr/lib/ruby/gems/1.8/gems/mongrel-1.1.5/bin/../lib/mongrel/rails.rb:76:in `process'
    /usr/lib/ruby/gems/1.8/gems/mongrel-1.1.5/bin/../lib/mongrel/rails.rb:74:in `synchronize'
    /usr/lib/ruby/gems/1.8/gems/mongrel-1.1.5/bin/../lib/mongrel/rails.rb:74:in `process'
    /usr/lib/ruby/gems/1.8/gems/mongrel-1.1.5/lib/mongrel.rb:159:in `process_client'
    /usr/lib/ruby/gems/1.8/gems/mongrel-1.1.5/lib/mongrel.rb:158:in `each'
    /usr/lib/ruby/gems/1.8/gems/mongrel-1.1.5/lib/mongrel.rb:158:in `process_client'
    /usr/lib/ruby/gems/1.8/gems/mongrel-1.1.5/lib/mongrel.rb:285:in `run'
    /usr/lib/ruby/gems/1.8/gems/mongrel-1.1.5/lib/mongrel.rb:285:in `initialize'
    /usr/lib/ruby/gems/1.8/gems/mongrel-1.1.5/lib/mongrel.rb:285:in `new'
    /usr/lib/ruby/gems/1.8/gems/mongrel-1.1.5/lib/mongrel.rb:285:in `run'
    /usr/lib/ruby/gems/1.8/gems/mongrel-1.1.5/lib/mongrel.rb:268:in `initialize'
    /usr/lib/ruby/gems/1.8/gems/mongrel-1.1.5/lib/mongrel.rb:268:in `new'
    /usr/lib/ruby/gems/1.8/gems/mongrel-1.1.5/lib/mongrel.rb:268:in `run'
    /usr/lib/ruby/gems/1.8/gems/mongrel-1.1.5/lib/mongrel/configurator.rb:282:in `run'
    /usr/lib/ruby/gems/1.8/gems/mongrel-1.1.5/lib/mongrel/configurator.rb:281:in `each'
    /usr/lib/ruby/gems/1.8/gems/mongrel-1.1.5/lib/mongrel/configurator.rb:281:in `run'
    /usr/lib/ruby/gems/1.8/gems/mongrel-1.1.5/bin/mongrel_rails:128:in `run'
    /usr/lib/ruby/gems/1.8/gems/mongrel-1.1.5/lib/mongrel/command.rb:212:in `run'
    /usr/lib/ruby/gems/1.8/gems/mongrel-1.1.5/bin/mongrel_rails:281
    /usr/lib/ruby/gems/1.8/gems/activesupport-2.2.2/lib/active_support/dependencies.rb:142:in `load_without_new_constant_marking'
    /usr/lib/ruby/gems/1.8/gems/activesupport-2.2.2/lib/active_support/dependencies.rb:142:in `load'
    /usr/lib/ruby/gems/1.8/gems/activesupport-2.2.2/lib/active_support/dependencies.rb:521:in `new_constants_in'
    /usr/lib/ruby/gems/1.8/gems/activesupport-2.2.2/lib/active_support/dependencies.rb:142:in `load'
    /usr/lib/ruby/gems/1.8/gems/rails-2.2.2/lib/commands/servers/mongrel.rb:64
    /usr/local/lib/site_ruby/1.8/rubygems/custom_require.rb:31:in `gem_original_require'
    /usr/local/lib/site_ruby/1.8/rubygems/custom_require.rb:31:in `require'
    /usr/lib/ruby/gems/1.8/gems/activesupport-2.2.2/lib/active_support/dependencies.rb:153:in `require'
    /usr/lib/ruby/gems/1.8/gems/activesupport-2.2.2/lib/active_support/dependencies.rb:521:in `new_constants_in'
    /usr/lib/ruby/gems/1.8/gems/activesupport-2.2.2/lib/active_support/dependencies.rb:153:in `require'
    /usr/lib/ruby/gems/1.8/gems/rails-2.2.2/lib/commands/server.rb:49
    /usr/local/lib/site_ruby/1.8/rubygems/custom_require.rb:31:in `gem_original_require'
    /usr/local/lib/site_ruby/1.8/rubygems/custom_require.rb:31:in `require'
    ./script/server:3
    /usr/lib/ruby/gems/1.8/gems/ruby-debug-ide-0.3.1/lib/ruby-debug.rb:96:in `debug_load'
    /usr/lib/ruby/gems/1.8/gems/ruby-debug-ide-0.3.1/lib/ruby-debug.rb:96:in `main'
    /usr/lib/ruby/gems/1.8/gems/ruby-debug-ide-0.3.1/bin/rdebug-ide:76
    /usr/bin/rdebug-ide:19:in `load'
    /usr/bin/rdebug-ide:19

Rendered /usr/lib/ruby/gems/1.8/gems/actionpack-2.2.2/lib/action_controller/templates/rescues/_trace (137.0ms)
Rendered /usr/lib/ruby/gems/1.8/gems/actionpack-2.2.2/lib/action_controller/templates/rescues/_request_and_response (1.2ms)
Rendering /usr/lib/ruby/gems/1.8/gems/actionpack-2.2.2/lib/action_controller/templates/rescues/layout.erb (internal_server_error)


Processing SessionsController#create (for 127.0.0.1 at 2009-03-06 12:40:15) [POST]
  Session ID: 3a8a1813bece359300f9b1e82b7d99bc
  Parameters: {"commit"=>"Iniciar sesión", "openid_url"=>"", "action"=>"create", "authenticity_token"=>"67252320380ed0ba5a165f4c86518997b15038c9", "controller"=>"sessions", "login"=>"admin", "password"=>"[FILTERED]"}
Cookie set: auth_token=; path=/; expires=Thu, 01 Jan 1970 00:00:00 GMT
  [4;35;1mUser Load (0.8ms)[0m   [0mSELECT * FROM "users" WHERE ("users"."login" = 'admin') AND (users.state = 'active') LIMIT 1[0m
Cookie set: auth_token=; path=/
Redirected to /login
Completed in 15ms (DB: 2) | 302 Found [http://localhost/session]


Processing SessionsController#new (for 127.0.0.1 at 2009-03-06 12:40:15) [GET]
  Session ID: 3a8a1813bece359300f9b1e82b7d99bc
  Parameters: {"action"=>"new", "controller"=>"sessions"}
Rendering template within layouts/one_box
Rendering sessions/new
  [4;36;1mUser Load (0.9ms)[0m   [0;1mSELECT * FROM "users" WHERE ("users"."id" = 1) LIMIT 1[0m


ActionView::TemplateError (undefined method `menu_builder' for #<ActionView::Base:0xb5013af0>) on line #35 of app/views/layouts/one_box.html.erb:
32: 
33:         <div id="main-navigation">
34:       		<% if logged_in? %>
35: 					  <%= menu_builder(@active_controller) %>
36: 				  <% end %>
37:           <div class="clear"></div>
38:         </div> <!-- main-navigation -->

    app/views/layouts/one_box.html.erb:35
    /usr/lib/ruby/gems/1.8/gems/actionpack-2.2.2/lib/action_view/renderable.rb:39:in `send'
    /usr/lib/ruby/gems/1.8/gems/actionpack-2.2.2/lib/action_view/renderable.rb:39:in `render'
    /usr/lib/ruby/gems/1.8/gems/actionpack-2.2.2/lib/action_view/template.rb:73:in `render_template'
    /usr/lib/ruby/gems/1.8/gems/actionpack-2.2.2/lib/action_view/base.rb:256:in `render'
    /usr/lib/ruby/gems/1.8/gems/actionpack-2.2.2/lib/action_view/base.rb:371:in `_render_with_layout'
    /usr/lib/ruby/gems/1.8/gems/actionpack-2.2.2/lib/action_view/base.rb:254:in `render'
    /usr/lib/ruby/gems/1.8/gems/actionpack-2.2.2/lib/action_controller/base.rb:1174:in `render_for_file'
    /usr/lib/ruby/gems/1.8/gems/actionpack-2.2.2/lib/action_controller/base.rb:896:in `render_without_benchmark'
    /usr/lib/ruby/gems/1.8/gems/actionpack-2.2.2/lib/action_controller/benchmarking.rb:51:in `render'
    /usr/lib/ruby/gems/1.8/gems/activesupport-2.2.2/lib/active_support/core_ext/benchmark.rb:8:in `realtime'
    /usr/lib/ruby/gems/1.8/gems/actionpack-2.2.2/lib/action_controller/benchmarking.rb:51:in `render'
    /usr/lib/ruby/gems/1.8/gems/actionpack-2.2.2/lib/action_controller/base.rb:868:in `render_without_benchmark'
    /usr/lib/ruby/gems/1.8/gems/actionpack-2.2.2/lib/action_controller/benchmarking.rb:51:in `render'
    /usr/lib/ruby/gems/1.8/gems/activesupport-2.2.2/lib/active_support/core_ext/benchmark.rb:8:in `realtime'
    /usr/lib/ruby/gems/1.8/gems/actionpack-2.2.2/lib/action_controller/benchmarking.rb:51:in `render'
    /usr/lib/ruby/gems/1.8/gems/actionpack-2.2.2/lib/action_controller/base.rb:1248:in `default_render'
    /usr/lib/ruby/gems/1.8/gems/actionpack-2.2.2/lib/action_controller/base.rb:1254:in `perform_action_without_filters'
    /usr/lib/ruby/gems/1.8/gems/actionpack-2.2.2/lib/action_controller/filters.rb:617:in `call_filters'
    /usr/lib/ruby/gems/1.8/gems/actionpack-2.2.2/lib/action_controller/filters.rb:610:in `perform_action_without_benchmark'
    /usr/lib/ruby/gems/1.8/gems/actionpack-2.2.2/lib/action_controller/benchmarking.rb:68:in `perform_action_without_rescue'
    /usr/lib/ruby/1.8/benchmark.rb:293:in `measure'
    /usr/lib/ruby/gems/1.8/gems/actionpack-2.2.2/lib/action_controller/benchmarking.rb:68:in `perform_action_without_rescue'
    /usr/lib/ruby/gems/1.8/gems/actionpack-2.2.2/lib/action_controller/rescue.rb:136:in `perform_action_without_caching'
    /usr/lib/ruby/gems/1.8/gems/actionpack-2.2.2/lib/action_controller/caching/sql_cache.rb:13:in `perform_action'
    /usr/lib/ruby/gems/1.8/gems/activerecord-2.2.2/lib/active_record/connection_adapters/abstract/query_cache.rb:34:in `cache'
    /usr/lib/ruby/gems/1.8/gems/activerecord-2.2.2/lib/active_record/query_cache.rb:8:in `cache'
    /usr/lib/ruby/gems/1.8/gems/actionpack-2.2.2/lib/action_controller/caching/sql_cache.rb:12:in `perform_action'
    /usr/lib/ruby/gems/1.8/gems/actionpack-2.2.2/lib/action_controller/base.rb:524:in `send'
    /usr/lib/ruby/gems/1.8/gems/actionpack-2.2.2/lib/action_controller/base.rb:524:in `process_without_filters'
    /usr/lib/ruby/gems/1.8/gems/actionpack-2.2.2/lib/action_controller/filters.rb:606:in `process_without_session_management_support'
    /usr/lib/ruby/gems/1.8/gems/actionpack-2.2.2/lib/action_controller/session_management.rb:134:in `process'
    /usr/lib/ruby/gems/1.8/gems/actionpack-2.2.2/lib/action_controller/base.rb:392:in `process'
    /usr/lib/ruby/gems/1.8/gems/actionpack-2.2.2/lib/action_controller/dispatcher.rb:183:in `handle_request'
    /usr/lib/ruby/gems/1.8/gems/actionpack-2.2.2/lib/action_controller/dispatcher.rb:110:in `dispatch_unlocked'
    /usr/lib/ruby/gems/1.8/gems/actionpack-2.2.2/lib/action_controller/dispatcher.rb:123:in `dispatch'
    /usr/lib/ruby/gems/1.8/gems/actionpack-2.2.2/lib/action_controller/dispatcher.rb:122:in `synchronize'
    /usr/lib/ruby/gems/1.8/gems/actionpack-2.2.2/lib/action_controller/dispatcher.rb:122:in `dispatch'
    /usr/lib/ruby/gems/1.8/gems/actionpack-2.2.2/lib/action_controller/dispatcher.rb:132:in `dispatch_cgi'
    /usr/lib/ruby/gems/1.8/gems/actionpack-2.2.2/lib/action_controller/dispatcher.rb:39:in `dispatch'
    /usr/lib/ruby/gems/1.8/gems/mongrel-1.1.5/lib/mongrel/rails.rb:76:in `process'
    /usr/lib/ruby/gems/1.8/gems/mongrel-1.1.5/lib/mongrel/rails.rb:74:in `synchronize'
    /usr/lib/ruby/gems/1.8/gems/mongrel-1.1.5/lib/mongrel/rails.rb:74:in `process'
    /usr/lib/ruby/gems/1.8/gems/mongrel-1.1.5/lib/mongrel.rb:159:in `process_client'
    /usr/lib/ruby/gems/1.8/gems/mongrel-1.1.5/lib/mongrel.rb:158:in `each'
    /usr/lib/ruby/gems/1.8/gems/mongrel-1.1.5/lib/mongrel.rb:158:in `process_client'
    /usr/lib/ruby/gems/1.8/gems/mongrel-1.1.5/lib/mongrel.rb:285:in `run'
    /usr/lib/ruby/gems/1.8/gems/mongrel-1.1.5/lib/mongrel.rb:285:in `initialize'
    /usr/lib/ruby/gems/1.8/gems/mongrel-1.1.5/lib/mongrel.rb:285:in `new'
    /usr/lib/ruby/gems/1.8/gems/mongrel-1.1.5/lib/mongrel.rb:285:in `run'
    /usr/lib/ruby/gems/1.8/gems/mongrel-1.1.5/lib/mongrel.rb:268:in `initialize'
    /usr/lib/ruby/gems/1.8/gems/mongrel-1.1.5/lib/mongrel.rb:268:in `new'
    /usr/lib/ruby/gems/1.8/gems/mongrel-1.1.5/lib/mongrel.rb:268:in `run'
    /usr/lib/ruby/gems/1.8/gems/mongrel-1.1.5/lib/mongrel/configurator.rb:282:in `run'
    /usr/lib/ruby/gems/1.8/gems/mongrel-1.1.5/lib/mongrel/configurator.rb:281:in `each'
    /usr/lib/ruby/gems/1.8/gems/mongrel-1.1.5/lib/mongrel/configurator.rb:281:in `run'
    /usr/lib/ruby/gems/1.8/gems/mongrel-1.1.5/bin/mongrel_rails:128:in `run'
    /usr/lib/ruby/gems/1.8/gems/mongrel-1.1.5/lib/mongrel/command.rb:212:in `run'
    /usr/lib/ruby/gems/1.8/gems/mongrel-1.1.5/bin/mongrel_rails:281
    /usr/lib/ruby/gems/1.8/gems/activesupport-2.2.2/lib/active_support/dependencies.rb:142:in `load_without_new_constant_marking'
    /usr/lib/ruby/gems/1.8/gems/activesupport-2.2.2/lib/active_support/dependencies.rb:142:in `load'
    /usr/lib/ruby/gems/1.8/gems/activesupport-2.2.2/lib/active_support/dependencies.rb:521:in `new_constants_in'
    /usr/lib/ruby/gems/1.8/gems/activesupport-2.2.2/lib/active_support/dependencies.rb:142:in `load'
    /usr/lib/ruby/gems/1.8/gems/rails-2.2.2/lib/commands/servers/mongrel.rb:64
    /usr/local/lib/site_ruby/1.8/rubygems/custom_require.rb:31:in `gem_original_require'
    /usr/local/lib/site_ruby/1.8/rubygems/custom_require.rb:31:in `require'
    /usr/lib/ruby/gems/1.8/gems/activesupport-2.2.2/lib/active_support/dependencies.rb:153:in `require'
    /usr/lib/ruby/gems/1.8/gems/activesupport-2.2.2/lib/active_support/dependencies.rb:521:in `new_constants_in'
    /usr/lib/ruby/gems/1.8/gems/activesupport-2.2.2/lib/active_support/dependencies.rb:153:in `require'
    /usr/lib/ruby/gems/1.8/gems/rails-2.2.2/lib/commands/server.rb:49
    /usr/local/lib/site_ruby/1.8/rubygems/custom_require.rb:31:in `gem_original_require'
    /usr/local/lib/site_ruby/1.8/rubygems/custom_require.rb:31:in `require'
    script/server:3
    /usr/lib/ruby/gems/1.8/gems/ruby-debug-ide-0.3.1/lib/ruby-debug.rb:96:in `debug_load'
    /usr/lib/ruby/gems/1.8/gems/ruby-debug-ide-0.3.1/lib/ruby-debug.rb:96:in `main'
    /usr/lib/ruby/gems/1.8/gems/ruby-debug-ide-0.3.1/bin/rdebug-ide:76
    /usr/bin/rdebug-ide:19:in `load'
    /usr/bin/rdebug-ide:19

Rendered /usr/lib/ruby/gems/1.8/gems/actionpack-2.2.2/lib/action_controller/templates/rescues/_trace (72.1ms)
Rendered /usr/lib/ruby/gems/1.8/gems/actionpack-2.2.2/lib/action_controller/templates/rescues/_request_and_response (1.2ms)
Rendering /usr/lib/ruby/gems/1.8/gems/actionpack-2.2.2/lib/action_controller/templates/rescues/layout.erb (internal_server_error)


Processing SessionsController#new (for 127.0.0.1 at 2009-03-06 12:41:07) [GET]
  Session ID: 3a8a1813bece359300f9b1e82b7d99bc
  Parameters: {"action"=>"new", "controller"=>"sessions"}
Rendering template within layouts/one_box
Rendering sessions/new
  [4;35;1mUser Load (0.8ms)[0m   [0mSELECT * FROM "users" WHERE ("users"."id" = 1) LIMIT 1[0m


ActionView::TemplateError (undefined local variable or method `non_conformances_path' for #<ActionView::Base:0xb5214fac>) on line #35 of app/views/layouts/one_box.html.erb:
32: 
33:         <div id="main-navigation">
34:       		<% if logged_in? %>
35: 					  <%= menu_builder(@active_controller) %>
36: 				  <% end %>
37:           <div class="clear"></div>
38:         </div> <!-- main-navigation -->

    app/helpers/menu_helper.rb:29:in `menu_builder'
    app/views/layouts/one_box.html.erb:35
    /usr/lib/ruby/gems/1.8/gems/actionpack-2.2.2/lib/action_view/renderable.rb:39:in `send'
    /usr/lib/ruby/gems/1.8/gems/actionpack-2.2.2/lib/action_view/renderable.rb:39:in `render'
    /usr/lib/ruby/gems/1.8/gems/actionpack-2.2.2/lib/action_view/template.rb:73:in `render_template'
    /usr/lib/ruby/gems/1.8/gems/actionpack-2.2.2/lib/action_view/base.rb:256:in `render'
    /usr/lib/ruby/gems/1.8/gems/actionpack-2.2.2/lib/action_view/base.rb:371:in `_render_with_layout'
    /usr/lib/ruby/gems/1.8/gems/actionpack-2.2.2/lib/action_view/base.rb:254:in `render'
    /usr/lib/ruby/gems/1.8/gems/actionpack-2.2.2/lib/action_controller/base.rb:1174:in `render_for_file'
    /usr/lib/ruby/gems/1.8/gems/actionpack-2.2.2/lib/action_controller/base.rb:896:in `render_without_benchmark'
    /usr/lib/ruby/gems/1.8/gems/actionpack-2.2.2/lib/action_controller/benchmarking.rb:51:in `render'
    /usr/lib/ruby/gems/1.8/gems/activesupport-2.2.2/lib/active_support/core_ext/benchmark.rb:8:in `realtime'
    /usr/lib/ruby/gems/1.8/gems/actionpack-2.2.2/lib/action_controller/benchmarking.rb:51:in `render'
    /usr/lib/ruby/gems/1.8/gems/actionpack-2.2.2/lib/action_controller/base.rb:868:in `render_without_benchmark'
    /usr/lib/ruby/gems/1.8/gems/actionpack-2.2.2/lib/action_controller/benchmarking.rb:51:in `render'
    /usr/lib/ruby/gems/1.8/gems/activesupport-2.2.2/lib/active_support/core_ext/benchmark.rb:8:in `realtime'
    /usr/lib/ruby/gems/1.8/gems/actionpack-2.2.2/lib/action_controller/benchmarking.rb:51:in `render'
    /usr/lib/ruby/gems/1.8/gems/actionpack-2.2.2/lib/action_controller/base.rb:1248:in `default_render'
    /usr/lib/ruby/gems/1.8/gems/actionpack-2.2.2/lib/action_controller/base.rb:1254:in `perform_action_without_filters'
    /usr/lib/ruby/gems/1.8/gems/actionpack-2.2.2/lib/action_controller/filters.rb:617:in `call_filters'
    /usr/lib/ruby/gems/1.8/gems/actionpack-2.2.2/lib/action_controller/filters.rb:610:in `perform_action_without_benchmark'
    /usr/lib/ruby/gems/1.8/gems/actionpack-2.2.2/lib/action_controller/benchmarking.rb:68:in `perform_action_without_rescue'
    /usr/lib/ruby/1.8/benchmark.rb:293:in `measure'
    /usr/lib/ruby/gems/1.8/gems/actionpack-2.2.2/lib/action_controller/benchmarking.rb:68:in `perform_action_without_rescue'
    /usr/lib/ruby/gems/1.8/gems/actionpack-2.2.2/lib/action_controller/rescue.rb:136:in `perform_action_without_caching'
    /usr/lib/ruby/gems/1.8/gems/actionpack-2.2.2/lib/action_controller/caching/sql_cache.rb:13:in `perform_action'
    /usr/lib/ruby/gems/1.8/gems/activerecord-2.2.2/lib/active_record/connection_adapters/abstract/query_cache.rb:34:in `cache'
    /usr/lib/ruby/gems/1.8/gems/activerecord-2.2.2/lib/active_record/query_cache.rb:8:in `cache'
    /usr/lib/ruby/gems/1.8/gems/actionpack-2.2.2/lib/action_controller/caching/sql_cache.rb:12:in `perform_action'
    /usr/lib/ruby/gems/1.8/gems/actionpack-2.2.2/lib/action_controller/base.rb:524:in `send'
    /usr/lib/ruby/gems/1.8/gems/actionpack-2.2.2/lib/action_controller/base.rb:524:in `process_without_filters'
    /usr/lib/ruby/gems/1.8/gems/actionpack-2.2.2/lib/action_controller/filters.rb:606:in `process_without_session_management_support'
    /usr/lib/ruby/gems/1.8/gems/actionpack-2.2.2/lib/action_controller/session_management.rb:134:in `process'
    /usr/lib/ruby/gems/1.8/gems/actionpack-2.2.2/lib/action_controller/base.rb:392:in `process'
    /usr/lib/ruby/gems/1.8/gems/actionpack-2.2.2/lib/action_controller/dispatcher.rb:183:in `handle_request'
    /usr/lib/ruby/gems/1.8/gems/actionpack-2.2.2/lib/action_controller/dispatcher.rb:110:in `dispatch_unlocked'
    /usr/lib/ruby/gems/1.8/gems/actionpack-2.2.2/lib/action_controller/dispatcher.rb:123:in `dispatch'
    /usr/lib/ruby/gems/1.8/gems/actionpack-2.2.2/lib/action_controller/dispatcher.rb:122:in `synchronize'
    /usr/lib/ruby/gems/1.8/gems/actionpack-2.2.2/lib/action_controller/dispatcher.rb:122:in `dispatch'
    /usr/lib/ruby/gems/1.8/gems/actionpack-2.2.2/lib/action_controller/dispatcher.rb:132:in `dispatch_cgi'
    /usr/lib/ruby/gems/1.8/gems/actionpack-2.2.2/lib/action_controller/dispatcher.rb:39:in `dispatch'
    /usr/lib/ruby/gems/1.8/gems/mongrel-1.1.5/lib/mongrel/rails.rb:76:in `process'
    /usr/lib/ruby/gems/1.8/gems/mongrel-1.1.5/lib/mongrel/rails.rb:74:in `synchronize'
    /usr/lib/ruby/gems/1.8/gems/mongrel-1.1.5/lib/mongrel/rails.rb:74:in `process'
    /usr/lib/ruby/gems/1.8/gems/mongrel-1.1.5/lib/mongrel.rb:159:in `process_client'
    /usr/lib/ruby/gems/1.8/gems/mongrel-1.1.5/lib/mongrel.rb:158:in `each'
    /usr/lib/ruby/gems/1.8/gems/mongrel-1.1.5/lib/mongrel.rb:158:in `process_client'
    /usr/lib/ruby/gems/1.8/gems/mongrel-1.1.5/lib/mongrel.rb:285:in `run'
    /usr/lib/ruby/gems/1.8/gems/mongrel-1.1.5/lib/mongrel.rb:285:in `initialize'
    /usr/lib/ruby/gems/1.8/gems/mongrel-1.1.5/lib/mongrel.rb:285:in `new'
    /usr/lib/ruby/gems/1.8/gems/mongrel-1.1.5/lib/mongrel.rb:285:in `run'
    /usr/lib/ruby/gems/1.8/gems/mongrel-1.1.5/lib/mongrel.rb:268:in `initialize'
    /usr/lib/ruby/gems/1.8/gems/mongrel-1.1.5/lib/mongrel.rb:268:in `new'
    /usr/lib/ruby/gems/1.8/gems/mongrel-1.1.5/lib/mongrel.rb:268:in `run'
    /usr/lib/ruby/gems/1.8/gems/mongrel-1.1.5/lib/mongrel/configurator.rb:282:in `run'
    /usr/lib/ruby/gems/1.8/gems/mongrel-1.1.5/lib/mongrel/configurator.rb:281:in `each'
    /usr/lib/ruby/gems/1.8/gems/mongrel-1.1.5/lib/mongrel/configurator.rb:281:in `run'
    /usr/lib/ruby/gems/1.8/gems/mongrel-1.1.5/bin/mongrel_rails:128:in `run'
    /usr/lib/ruby/gems/1.8/gems/mongrel-1.1.5/lib/mongrel/command.rb:212:in `run'
    /usr/lib/ruby/gems/1.8/gems/mongrel-1.1.5/bin/mongrel_rails:281
    /usr/lib/ruby/gems/1.8/gems/activesupport-2.2.2/lib/active_support/dependencies.rb:142:in `load_without_new_constant_marking'
    /usr/lib/ruby/gems/1.8/gems/activesupport-2.2.2/lib/active_support/dependencies.rb:142:in `load'
    /usr/lib/ruby/gems/1.8/gems/activesupport-2.2.2/lib/active_support/dependencies.rb:521:in `new_constants_in'
    /usr/lib/ruby/gems/1.8/gems/activesupport-2.2.2/lib/active_support/dependencies.rb:142:in `load'
    /usr/lib/ruby/gems/1.8/gems/rails-2.2.2/lib/commands/servers/mongrel.rb:64
    /usr/local/lib/site_ruby/1.8/rubygems/custom_require.rb:31:in `gem_original_require'
    /usr/local/lib/site_ruby/1.8/rubygems/custom_require.rb:31:in `require'
    /usr/lib/ruby/gems/1.8/gems/activesupport-2.2.2/lib/active_support/dependencies.rb:153:in `require'
    /usr/lib/ruby/gems/1.8/gems/activesupport-2.2.2/lib/active_support/dependencies.rb:521:in `new_constants_in'
    /usr/lib/ruby/gems/1.8/gems/activesupport-2.2.2/lib/active_support/dependencies.rb:153:in `require'
    /usr/lib/ruby/gems/1.8/gems/rails-2.2.2/lib/commands/server.rb:49
    /usr/local/lib/site_ruby/1.8/rubygems/custom_require.rb:31:in `gem_original_require'
    /usr/local/lib/site_ruby/1.8/rubygems/custom_require.rb:31:in `require'
    script/server:3
    /usr/lib/ruby/gems/1.8/gems/ruby-debug-ide-0.3.1/lib/ruby-debug.rb:96:in `debug_load'
    /usr/lib/ruby/gems/1.8/gems/ruby-debug-ide-0.3.1/lib/ruby-debug.rb:96:in `main'
    /usr/lib/ruby/gems/1.8/gems/ruby-debug-ide-0.3.1/bin/rdebug-ide:76
    /usr/bin/rdebug-ide:19:in `load'
    /usr/bin/rdebug-ide:19

Rendered /usr/lib/ruby/gems/1.8/gems/actionpack-2.2.2/lib/action_controller/templates/rescues/_trace (72.7ms)
Rendered /usr/lib/ruby/gems/1.8/gems/actionpack-2.2.2/lib/action_controller/templates/rescues/_request_and_response (1.0ms)
Rendering /usr/lib/ruby/gems/1.8/gems/actionpack-2.2.2/lib/action_controller/templates/rescues/layout.erb (internal_server_error)


Processing SessionsController#new (for 127.0.0.1 at 2009-03-06 12:41:51) [GET]
  Session ID: 3a8a1813bece359300f9b1e82b7d99bc
  Parameters: {"action"=>"new", "controller"=>"sessions"}
Rendering template within layouts/one_box
Rendering sessions/new
  [4;36;1mUser Load (0.8ms)[0m   [0;1mSELECT * FROM "users" WHERE ("users"."id" = 1) LIMIT 1[0m


ActionView::TemplateError (undefined local variable or method `non_conformances_path' for #<ActionView::Base:0xb5187c38>) on line #35 of app/views/layouts/one_box.html.erb:
32: 
33:         <div id="main-navigation">
34:       		<% if logged_in? %>
35: 					  <%= menu_builder(@active_controller) %>
36: 				  <% end %>
37:           <div class="clear"></div>
38:         </div> <!-- main-navigation -->

    app/helpers/menu_helper.rb:11:in `menu_builder'
    app/views/layouts/one_box.html.erb:35
    /usr/lib/ruby/gems/1.8/gems/actionpack-2.2.2/lib/action_view/renderable.rb:39:in `send'
    /usr/lib/ruby/gems/1.8/gems/actionpack-2.2.2/lib/action_view/renderable.rb:39:in `render'
    /usr/lib/ruby/gems/1.8/gems/actionpack-2.2.2/lib/action_view/template.rb:73:in `render_template'
    /usr/lib/ruby/gems/1.8/gems/actionpack-2.2.2/lib/action_view/base.rb:256:in `render'
    /usr/lib/ruby/gems/1.8/gems/actionpack-2.2.2/lib/action_view/base.rb:371:in `_render_with_layout'
    /usr/lib/ruby/gems/1.8/gems/actionpack-2.2.2/lib/action_view/base.rb:254:in `render'
    /usr/lib/ruby/gems/1.8/gems/actionpack-2.2.2/lib/action_controller/base.rb:1174:in `render_for_file'
    /usr/lib/ruby/gems/1.8/gems/actionpack-2.2.2/lib/action_controller/base.rb:896:in `render_without_benchmark'
    /usr/lib/ruby/gems/1.8/gems/actionpack-2.2.2/lib/action_controller/benchmarking.rb:51:in `render'
    /usr/lib/ruby/gems/1.8/gems/activesupport-2.2.2/lib/active_support/core_ext/benchmark.rb:8:in `realtime'
    /usr/lib/ruby/gems/1.8/gems/actionpack-2.2.2/lib/action_controller/benchmarking.rb:51:in `render'
    /usr/lib/ruby/gems/1.8/gems/actionpack-2.2.2/lib/action_controller/base.rb:868:in `render_without_benchmark'
    /usr/lib/ruby/gems/1.8/gems/actionpack-2.2.2/lib/action_controller/benchmarking.rb:51:in `render'
    /usr/lib/ruby/gems/1.8/gems/activesupport-2.2.2/lib/active_support/core_ext/benchmark.rb:8:in `realtime'
    /usr/lib/ruby/gems/1.8/gems/actionpack-2.2.2/lib/action_controller/benchmarking.rb:51:in `render'
    /usr/lib/ruby/gems/1.8/gems/actionpack-2.2.2/lib/action_controller/base.rb:1248:in `default_render'
    /usr/lib/ruby/gems/1.8/gems/actionpack-2.2.2/lib/action_controller/base.rb:1254:in `perform_action_without_filters'
    /usr/lib/ruby/gems/1.8/gems/actionpack-2.2.2/lib/action_controller/filters.rb:617:in `call_filters'
    /usr/lib/ruby/gems/1.8/gems/actionpack-2.2.2/lib/action_controller/filters.rb:610:in `perform_action_without_benchmark'
    /usr/lib/ruby/gems/1.8/gems/actionpack-2.2.2/lib/action_controller/benchmarking.rb:68:in `perform_action_without_rescue'
    /usr/lib/ruby/1.8/benchmark.rb:293:in `measure'
    /usr/lib/ruby/gems/1.8/gems/actionpack-2.2.2/lib/action_controller/benchmarking.rb:68:in `perform_action_without_rescue'
    /usr/lib/ruby/gems/1.8/gems/actionpack-2.2.2/lib/action_controller/rescue.rb:136:in `perform_action_without_caching'
    /usr/lib/ruby/gems/1.8/gems/actionpack-2.2.2/lib/action_controller/caching/sql_cache.rb:13:in `perform_action'
    /usr/lib/ruby/gems/1.8/gems/activerecord-2.2.2/lib/active_record/connection_adapters/abstract/query_cache.rb:34:in `cache'
    /usr/lib/ruby/gems/1.8/gems/activerecord-2.2.2/lib/active_record/query_cache.rb:8:in `cache'
    /usr/lib/ruby/gems/1.8/gems/actionpack-2.2.2/lib/action_controller/caching/sql_cache.rb:12:in `perform_action'
    /usr/lib/ruby/gems/1.8/gems/actionpack-2.2.2/lib/action_controller/base.rb:524:in `send'
    /usr/lib/ruby/gems/1.8/gems/actionpack-2.2.2/lib/action_controller/base.rb:524:in `process_without_filters'
    /usr/lib/ruby/gems/1.8/gems/actionpack-2.2.2/lib/action_controller/filters.rb:606:in `process_without_session_management_support'
    /usr/lib/ruby/gems/1.8/gems/actionpack-2.2.2/lib/action_controller/session_management.rb:134:in `process'
    /usr/lib/ruby/gems/1.8/gems/actionpack-2.2.2/lib/action_controller/base.rb:392:in `process'
    /usr/lib/ruby/gems/1.8/gems/actionpack-2.2.2/lib/action_controller/dispatcher.rb:183:in `handle_request'
    /usr/lib/ruby/gems/1.8/gems/actionpack-2.2.2/lib/action_controller/dispatcher.rb:110:in `dispatch_unlocked'
    /usr/lib/ruby/gems/1.8/gems/actionpack-2.2.2/lib/action_controller/dispatcher.rb:123:in `dispatch'
    /usr/lib/ruby/gems/1.8/gems/actionpack-2.2.2/lib/action_controller/dispatcher.rb:122:in `synchronize'
    /usr/lib/ruby/gems/1.8/gems/actionpack-2.2.2/lib/action_controller/dispatcher.rb:122:in `dispatch'
    /usr/lib/ruby/gems/1.8/gems/actionpack-2.2.2/lib/action_controller/dispatcher.rb:132:in `dispatch_cgi'
    /usr/lib/ruby/gems/1.8/gems/actionpack-2.2.2/lib/action_controller/dispatcher.rb:39:in `dispatch'
    /usr/lib/ruby/gems/1.8/gems/mongrel-1.1.5/lib/mongrel/rails.rb:76:in `process'
    /usr/lib/ruby/gems/1.8/gems/mongrel-1.1.5/lib/mongrel/rails.rb:74:in `synchronize'
    /usr/lib/ruby/gems/1.8/gems/mongrel-1.1.5/lib/mongrel/rails.rb:74:in `process'
    /usr/lib/ruby/gems/1.8/gems/mongrel-1.1.5/lib/mongrel.rb:159:in `process_client'
    /usr/lib/ruby/gems/1.8/gems/mongrel-1.1.5/lib/mongrel.rb:158:in `each'
    /usr/lib/ruby/gems/1.8/gems/mongrel-1.1.5/lib/mongrel.rb:158:in `process_client'
    /usr/lib/ruby/gems/1.8/gems/mongrel-1.1.5/lib/mongrel.rb:285:in `run'
    /usr/lib/ruby/gems/1.8/gems/mongrel-1.1.5/lib/mongrel.rb:285:in `initialize'
    /usr/lib/ruby/gems/1.8/gems/mongrel-1.1.5/lib/mongrel.rb:285:in `new'
    /usr/lib/ruby/gems/1.8/gems/mongrel-1.1.5/lib/mongrel.rb:285:in `run'
    /usr/lib/ruby/gems/1.8/gems/mongrel-1.1.5/lib/mongrel.rb:268:in `initialize'
    /usr/lib/ruby/gems/1.8/gems/mongrel-1.1.5/lib/mongrel.rb:268:in `new'
    /usr/lib/ruby/gems/1.8/gems/mongrel-1.1.5/lib/mongrel.rb:268:in `run'
    /usr/lib/ruby/gems/1.8/gems/mongrel-1.1.5/lib/mongrel/configurator.rb:282:in `run'
    /usr/lib/ruby/gems/1.8/gems/mongrel-1.1.5/lib/mongrel/configurator.rb:281:in `each'
    /usr/lib/ruby/gems/1.8/gems/mongrel-1.1.5/lib/mongrel/configurator.rb:281:in `run'
    /usr/lib/ruby/gems/1.8/gems/mongrel-1.1.5/bin/mongrel_rails:128:in `run'
    /usr/lib/ruby/gems/1.8/gems/mongrel-1.1.5/lib/mongrel/command.rb:212:in `run'
    /usr/lib/ruby/gems/1.8/gems/mongrel-1.1.5/bin/mongrel_rails:281
    /usr/lib/ruby/gems/1.8/gems/activesupport-2.2.2/lib/active_support/dependencies.rb:142:in `load_without_new_constant_marking'
    /usr/lib/ruby/gems/1.8/gems/activesupport-2.2.2/lib/active_support/dependencies.rb:142:in `load'
    /usr/lib/ruby/gems/1.8/gems/activesupport-2.2.2/lib/active_support/dependencies.rb:521:in `new_constants_in'
    /usr/lib/ruby/gems/1.8/gems/activesupport-2.2.2/lib/active_support/dependencies.rb:142:in `load'
    /usr/lib/ruby/gems/1.8/gems/rails-2.2.2/lib/commands/servers/mongrel.rb:64
    /usr/local/lib/site_ruby/1.8/rubygems/custom_require.rb:31:in `gem_original_require'
    /usr/local/lib/site_ruby/1.8/rubygems/custom_require.rb:31:in `require'
    /usr/lib/ruby/gems/1.8/gems/activesupport-2.2.2/lib/active_support/dependencies.rb:153:in `require'
    /usr/lib/ruby/gems/1.8/gems/activesupport-2.2.2/lib/active_support/dependencies.rb:521:in `new_constants_in'
    /usr/lib/ruby/gems/1.8/gems/activesupport-2.2.2/lib/active_support/dependencies.rb:153:in `require'
    /usr/lib/ruby/gems/1.8/gems/rails-2.2.2/lib/commands/server.rb:49
    /usr/local/lib/site_ruby/1.8/rubygems/custom_require.rb:31:in `gem_original_require'
    /usr/local/lib/site_ruby/1.8/rubygems/custom_require.rb:31:in `require'
    script/server:3
    /usr/lib/ruby/gems/1.8/gems/ruby-debug-ide-0.3.1/lib/ruby-debug.rb:96:in `debug_load'
    /usr/lib/ruby/gems/1.8/gems/ruby-debug-ide-0.3.1/lib/ruby-debug.rb:96:in `main'
    /usr/lib/ruby/gems/1.8/gems/ruby-debug-ide-0.3.1/bin/rdebug-ide:76
    /usr/bin/rdebug-ide:19:in `load'
    /usr/bin/rdebug-ide:19

Rendered /usr/lib/ruby/gems/1.8/gems/actionpack-2.2.2/lib/action_controller/templates/rescues/_trace (158.4ms)
Rendered /usr/lib/ruby/gems/1.8/gems/actionpack-2.2.2/lib/action_controller/templates/rescues/_request_and_response (1.1ms)
Rendering /usr/lib/ruby/gems/1.8/gems/actionpack-2.2.2/lib/action_controller/templates/rescues/layout.erb (internal_server_error)


Processing SessionsController#new (for 127.0.0.1 at 2009-03-06 12:42:17) [GET]
  Session ID: 3a8a1813bece359300f9b1e82b7d99bc
  Parameters: {"action"=>"new", "controller"=>"sessions"}
Rendering template within layouts/one_box
Rendering sessions/new
  [4;35;1mUser Load (0.8ms)[0m   [0mSELECT * FROM "users" WHERE ("users"."id" = 1) LIMIT 1[0m
  [4;36;1mRole Load (0.5ms)[0m   [0;1mSELECT * FROM "roles" INNER JOIN "roles_users" ON "roles".id = "roles_users".role_id WHERE ("roles_users".user_id = 1 ) [0m
Completed in 33ms (View: 30, DB: 1) | 200 OK [http://localhost/login]


Processing SessionsController#destroy (for 127.0.0.1 at 2009-03-06 12:42:21) [GET]
  Session ID: 3a8a1813bece359300f9b1e82b7d99bc
  Parameters: {"action"=>"destroy", "controller"=>"sessions"}
  [4;35;1mUser Load (0.8ms)[0m   [0mSELECT * FROM "users" WHERE ("users"."id" = 1) LIMIT 1[0m
Cookie set: auth_token=; path=/; expires=Thu, 01 Jan 1970 00:00:00 GMT
Redirected to /
Completed in 22ms (DB: 2) | 302 Found [http://localhost/logout]


Processing SessionsController#new (for 127.0.0.1 at 2009-03-06 12:43:19) [GET]
  Session ID: c9869759cdfeeb8b9b7536399c54034d
  Parameters: {"action"=>"new", "controller"=>"sessions"}
Rendering template within layouts/one_box
Rendering sessions/new
Completed in 19ms (View: 16, DB: 1) | 200 OK [http://localhost/login]


Processing SessionsController#create (for 127.0.0.1 at 2009-03-06 12:43:24) [POST]
  Session ID: c9869759cdfeeb8b9b7536399c54034d
  Parameters: {"commit"=>"Iniciar sesión", "openid_url"=>"", "action"=>"create", "authenticity_token"=>"4231d0cc48b576f6fe863c0b0e1a1d920fe7c37b", "controller"=>"sessions", "login"=>"admin", "password"=>"[FILTERED]"}
Cookie set: auth_token=; path=/; expires=Thu, 01 Jan 1970 00:00:00 GMT
  [4;36;1mUser Load (0.8ms)[0m   [0;1mSELECT * FROM "users" WHERE ("users"."login" = 'admin') AND (users.state = 'active') LIMIT 1[0m
  [4;35;1mUser Load (0.8ms)[0m   [0mSELECT * FROM "users" WHERE ("users"."login" = 'admin') LIMIT 1[0m
Failed login for 'admin' from 127.0.0.1 at Fri Mar 06 12:43:24 UTC 2009
Rendering template within layouts/one_box
Rendering sessions/new
Completed in 30ms (View: 15, DB: 3) | 200 OK [http://localhost/session]


Processing SessionsController#create (for 127.0.0.1 at 2009-03-06 12:43:28) [POST]
  Session ID: c9869759cdfeeb8b9b7536399c54034d
  Parameters: {"commit"=>"Iniciar sesión", "openid_url"=>"", "action"=>"create", "authenticity_token"=>"4231d0cc48b576f6fe863c0b0e1a1d920fe7c37b", "controller"=>"sessions", "login"=>"admin", "password"=>"[FILTERED]"}
Cookie set: auth_token=; path=/; expires=Thu, 01 Jan 1970 00:00:00 GMT
  [4;36;1mUser Load (0.8ms)[0m   [0;1mSELECT * FROM "users" WHERE ("users"."login" = 'admin') AND (users.state = 'active') LIMIT 1[0m
Cookie set: auth_token=; path=/
Redirected to /
Completed in 18ms (DB: 2) | 302 Found [http://localhost/session]


Processing SessionsController#create (for 127.0.0.1 at 2009-03-06 12:46:24) [POST]
  Session ID: c9869759cdfeeb8b9b7536399c54034d
  Parameters: {"commit"=>"Iniciar sesión", "openid_url"=>"", "action"=>"create", "authenticity_token"=>"4231d0cc48b576f6fe863c0b0e1a1d920fe7c37b", "controller"=>"sessions", "login"=>"admin", "password"=>"[FILTERED]"}
Cookie set: auth_token=; path=/; expires=Thu, 01 Jan 1970 00:00:00 GMT
  [4;35;1mUser Load (0.8ms)[0m   [0mSELECT * FROM "users" WHERE ("users"."login" = 'admin') AND (users.state = 'active') LIMIT 1[0m
Cookie set: auth_token=; path=/
Redirected to /
Completed in 17ms (DB: 2) | 302 Found [http://localhost/session]


Processing SessionsController#create (for 127.0.0.1 at 2009-03-06 12:46:42) [POST]
  Session ID: c9869759cdfeeb8b9b7536399c54034d
  Parameters: {"commit"=>"Iniciar sesión", "openid_url"=>"", "action"=>"create", "authenticity_token"=>"4231d0cc48b576f6fe863c0b0e1a1d920fe7c37b", "controller"=>"sessions", "login"=>"admin", "password"=>"[FILTERED]"}
Cookie set: auth_token=; path=/; expires=Thu, 01 Jan 1970 00:00:00 GMT
  [4;36;1mUser Load (0.8ms)[0m   [0;1mSELECT * FROM "users" WHERE ("users"."login" = 'admin') AND (users.state = 'active') LIMIT 1[0m
Cookie set: auth_token=; path=/
Redirected to /
Completed in 15ms (DB: 2) | 302 Found [http://localhost/session]


Processing SessionsController#new (for 127.0.0.1 at 2009-03-06 12:46:51) [GET]
  Session ID: c9869759cdfeeb8b9b7536399c54034d
  Parameters: {"action"=>"new", "controller"=>"sessions"}
Rendering template within layouts/one_box
Rendering sessions/new
  [4;35;1mUser Load (0.7ms)[0m   [0mSELECT * FROM "users" WHERE ("users"."id" = 1) LIMIT 1[0m
  [4;36;1mRole Load (0.5ms)[0m   [0;1mSELECT * FROM "roles" INNER JOIN "roles_users" ON "roles".id = "roles_users".role_id WHERE ("roles_users".user_id = 1 ) [0m
Completed in 96ms (View: 92, DB: 1) | 200 OK [http://localhost/session/new]


Processing SessionsController#destroy (for 127.0.0.1 at 2009-03-06 12:46:54) [GET]
  Session ID: c9869759cdfeeb8b9b7536399c54034d
  Parameters: {"action"=>"destroy", "controller"=>"sessions"}
  [4;35;1mUser Load (0.7ms)[0m   [0mSELECT * FROM "users" WHERE ("users"."id" = 1) LIMIT 1[0m
Cookie set: auth_token=; path=/; expires=Thu, 01 Jan 1970 00:00:00 GMT
Redirected to /
Completed in 22ms (DB: 2) | 302 Found [http://localhost/logout]


Processing SessionsController#new (for 127.0.0.1 at 2009-03-06 12:46:58) [GET]
  Session ID: cd071ca45c9c13a93c7c62f85fdacc5e
  Parameters: {"action"=>"new", "controller"=>"sessions"}
Rendering template within layouts/one_box
Rendering sessions/new
Completed in 18ms (View: 15, DB: 1) | 200 OK [http://localhost/session/new]


Processing SessionsController#new (for 127.0.0.1 at 2009-03-06 12:47:01) [GET]
  Session ID: cd071ca45c9c13a93c7c62f85fdacc5e
  Parameters: {"action"=>"new", "controller"=>"sessions"}
Rendering template within layouts/one_box
Rendering sessions/new
Completed in 18ms (View: 15, DB: 1) | 200 OK [http://localhost/session/new]


Processing SessionsController#create (for 127.0.0.1 at 2009-03-06 12:47:05) [POST]
  Session ID: cd071ca45c9c13a93c7c62f85fdacc5e
  Parameters: {"commit"=>"Iniciar sesión", "openid_url"=>"", "action"=>"create", "authenticity_token"=>"37da98a3ab044277ef37e8e2edb321376f7e522c", "controller"=>"sessions", "login"=>"admin", "password"=>"[FILTERED]"}
Cookie set: auth_token=; path=/; expires=Thu, 01 Jan 1970 00:00:00 GMT
  [4;36;1mUser Load (0.8ms)[0m   [0;1mSELECT * FROM "users" WHERE ("users"."login" = 'admin') AND (users.state = 'active') LIMIT 1[0m
Cookie set: auth_token=; path=/
Redirected to /
Completed in 15ms (DB: 2) | 302 Found [http://localhost/session]


Processing SessionsController#create (for 127.0.0.1 at 2009-03-06 12:47:59) [POST]
  Session ID: cd071ca45c9c13a93c7c62f85fdacc5e
  Parameters: {"commit"=>"Iniciar sesión", "openid_url"=>"", "action"=>"create", "authenticity_token"=>"37da98a3ab044277ef37e8e2edb321376f7e522c", "controller"=>"sessions", "login"=>"admin", "password"=>"[FILTERED]"}
Cookie set: auth_token=; path=/; expires=Thu, 01 Jan 1970 00:00:00 GMT
  [4;35;1mUser Load (0.8ms)[0m   [0mSELECT * FROM "users" WHERE ("users"."login" = 'admin') AND (users.state = 'active') LIMIT 1[0m
Cookie set: auth_token=; path=/
Redirected to /users
Completed in 16ms (DB: 2) | 302 Found [http://localhost/session]


Processing UsersController#index (for 127.0.0.1 at 2009-03-06 12:47:59) [GET]
  Session ID: cd071ca45c9c13a93c7c62f85fdacc5e
  Parameters: {"action"=>"index", "controller"=>"users"}
  [4;36;1mUser Load (0.7ms)[0m   [0;1mSELECT * FROM "users" WHERE ("users"."id" = 1) LIMIT 1[0m
  [4;35;1mRole Load (0.4ms)[0m   [0mSELECT * FROM "roles" INNER JOIN "roles_users" ON "roles".id = "roles_users".role_id WHERE ("roles_users".user_id = 1 ) [0m
  [4;36;1mUser Load (0.2ms)[0m   [0;1mSELECT * FROM "users" WHERE (login <> 'admin' and state <> 'deleted') [0m
Rendering template within layouts/application
Rendering users/index


ActionView::MissingTemplate (Missing template users/index.erb in view path /root/desarrollo/bort/app/views:):
    /usr/lib/ruby/gems/1.8/gems/actionpack-2.2.2/lib/action_view/template.rb:95:in `find_full_path'
    /usr/lib/ruby/gems/1.8/gems/actionpack-2.2.2/lib/action_view/template.rb:16:in `initialize'
    /usr/lib/ruby/gems/1.8/gems/actionpack-2.2.2/lib/action_view/base.rb:332:in `new'
    /usr/lib/ruby/gems/1.8/gems/actionpack-2.2.2/lib/action_view/base.rb:332:in `_unmemoized__pick_template'
    /usr/lib/ruby/gems/1.8/gems/activesupport-2.2.2/lib/active_support/memoizable.rb:70:in `_pick_template'
    /usr/lib/ruby/gems/1.8/gems/actionpack-2.2.2/lib/action_view/base.rb:256:in `render'
    /usr/lib/ruby/gems/1.8/gems/actionpack-2.2.2/lib/action_view/base.rb:367:in `_render_with_layout'
    /usr/lib/ruby/gems/1.8/gems/actionpack-2.2.2/lib/action_view/base.rb:254:in `render'
    /usr/lib/ruby/gems/1.8/gems/actionpack-2.2.2/lib/action_controller/base.rb:1174:in `render_for_file'
    /usr/lib/ruby/gems/1.8/gems/actionpack-2.2.2/lib/action_controller/base.rb:905:in `render_without_benchmark'
    /usr/lib/ruby/gems/1.8/gems/actionpack-2.2.2/lib/action_controller/benchmarking.rb:51:in `render'
    /usr/lib/ruby/gems/1.8/gems/activesupport-2.2.2/lib/active_support/core_ext/benchmark.rb:8:in `realtime'
    /usr/lib/ruby/gems/1.8/gems/actionpack-2.2.2/lib/action_controller/benchmarking.rb:51:in `render'
    /usr/lib/ruby/gems/1.8/gems/actionpack-2.2.2/lib/action_controller/mime_responds.rb:135:in `send'
    /usr/lib/ruby/gems/1.8/gems/actionpack-2.2.2/lib/action_controller/mime_responds.rb:135:in `custom'
    /usr/lib/ruby/gems/1.8/gems/actionpack-2.2.2/lib/action_controller/mime_responds.rb:164:in `call'
    /usr/lib/ruby/gems/1.8/gems/actionpack-2.2.2/lib/action_controller/mime_responds.rb:164:in `respond'
    /usr/lib/ruby/gems/1.8/gems/actionpack-2.2.2/lib/action_controller/mime_responds.rb:158:in `each'
    /usr/lib/ruby/gems/1.8/gems/actionpack-2.2.2/lib/action_controller/mime_responds.rb:158:in `respond'
    /usr/lib/ruby/gems/1.8/gems/actionpack-2.2.2/lib/action_controller/mime_responds.rb:107:in `respond_to'
    /app/controllers/users_controller.rb:28:in `index'
    /usr/lib/ruby/gems/1.8/gems/actionpack-2.2.2/lib/action_controller/base.rb:1253:in `send'
    /usr/lib/ruby/gems/1.8/gems/actionpack-2.2.2/lib/action_controller/base.rb:1253:in `perform_action_without_filters'
    /usr/lib/ruby/gems/1.8/gems/actionpack-2.2.2/lib/action_controller/filters.rb:617:in `call_filters'
    /usr/lib/ruby/gems/1.8/gems/actionpack-2.2.2/lib/action_controller/filters.rb:610:in `perform_action_without_benchmark'
    /usr/lib/ruby/gems/1.8/gems/actionpack-2.2.2/lib/action_controller/benchmarking.rb:68:in `perform_action_without_rescue'
    /usr/lib/ruby/1.8/benchmark.rb:293:in `measure'
    /usr/lib/ruby/gems/1.8/gems/actionpack-2.2.2/lib/action_controller/benchmarking.rb:68:in `perform_action_without_rescue'
    /usr/lib/ruby/gems/1.8/gems/actionpack-2.2.2/lib/action_controller/rescue.rb:136:in `perform_action_without_caching'
    /usr/lib/ruby/gems/1.8/gems/actionpack-2.2.2/lib/action_controller/caching/sql_cache.rb:13:in `perform_action'
    /usr/lib/ruby/gems/1.8/gems/activerecord-2.2.2/lib/active_record/connection_adapters/abstract/query_cache.rb:34:in `cache'
    /usr/lib/ruby/gems/1.8/gems/activerecord-2.2.2/lib/active_record/query_cache.rb:8:in `cache'
    /usr/lib/ruby/gems/1.8/gems/actionpack-2.2.2/lib/action_controller/caching/sql_cache.rb:12:in `perform_action'
    /usr/lib/ruby/gems/1.8/gems/actionpack-2.2.2/lib/action_controller/base.rb:524:in `send'
    /usr/lib/ruby/gems/1.8/gems/actionpack-2.2.2/lib/action_controller/base.rb:524:in `process_without_filters'
    /usr/lib/ruby/gems/1.8/gems/actionpack-2.2.2/lib/action_controller/filters.rb:606:in `process_without_session_management_support'
    /usr/lib/ruby/gems/1.8/gems/actionpack-2.2.2/lib/action_controller/session_management.rb:134:in `process'
    /usr/lib/ruby/gems/1.8/gems/actionpack-2.2.2/lib/action_controller/base.rb:392:in `process'
    /usr/lib/ruby/gems/1.8/gems/actionpack-2.2.2/lib/action_controller/dispatcher.rb:183:in `handle_request'
    /usr/lib/ruby/gems/1.8/gems/actionpack-2.2.2/lib/action_controller/dispatcher.rb:110:in `dispatch_unlocked'
    /usr/lib/ruby/gems/1.8/gems/actionpack-2.2.2/lib/action_controller/dispatcher.rb:123:in `dispatch'
    /usr/lib/ruby/gems/1.8/gems/actionpack-2.2.2/lib/action_controller/dispatcher.rb:122:in `synchronize'
    /usr/lib/ruby/gems/1.8/gems/actionpack-2.2.2/lib/action_controller/dispatcher.rb:122:in `dispatch'
    /usr/lib/ruby/gems/1.8/gems/actionpack-2.2.2/lib/action_controller/dispatcher.rb:132:in `dispatch_cgi'
    /usr/lib/ruby/gems/1.8/gems/actionpack-2.2.2/lib/action_controller/dispatcher.rb:39:in `dispatch'
    /usr/lib/ruby/gems/1.8/gems/mongrel-1.1.5/bin/../lib/mongrel/rails.rb:76:in `process'
    /usr/lib/ruby/gems/1.8/gems/mongrel-1.1.5/bin/../lib/mongrel/rails.rb:74:in `synchronize'
    /usr/lib/ruby/gems/1.8/gems/mongrel-1.1.5/bin/../lib/mongrel/rails.rb:74:in `process'
    /usr/lib/ruby/gems/1.8/gems/mongrel-1.1.5/lib/mongrel.rb:159:in `process_client'
    /usr/lib/ruby/gems/1.8/gems/mongrel-1.1.5/lib/mongrel.rb:158:in `each'
    /usr/lib/ruby/gems/1.8/gems/mongrel-1.1.5/lib/mongrel.rb:158:in `process_client'
    /usr/lib/ruby/gems/1.8/gems/mongrel-1.1.5/lib/mongrel.rb:285:in `run'
    /usr/lib/ruby/gems/1.8/gems/mongrel-1.1.5/lib/mongrel.rb:285:in `initialize'
    /usr/lib/ruby/gems/1.8/gems/mongrel-1.1.5/lib/mongrel.rb:285:in `new'
    /usr/lib/ruby/gems/1.8/gems/mongrel-1.1.5/lib/mongrel.rb:285:in `run'
    /usr/lib/ruby/gems/1.8/gems/mongrel-1.1.5/lib/mongrel.rb:268:in `initialize'
    /usr/lib/ruby/gems/1.8/gems/mongrel-1.1.5/lib/mongrel.rb:268:in `new'
    /usr/lib/ruby/gems/1.8/gems/mongrel-1.1.5/lib/mongrel.rb:268:in `run'
    /usr/lib/ruby/gems/1.8/gems/mongrel-1.1.5/lib/mongrel/configurator.rb:282:in `run'
    /usr/lib/ruby/gems/1.8/gems/mongrel-1.1.5/lib/mongrel/configurator.rb:281:in `each'
    /usr/lib/ruby/gems/1.8/gems/mongrel-1.1.5/lib/mongrel/configurator.rb:281:in `run'
    /usr/lib/ruby/gems/1.8/gems/mongrel-1.1.5/bin/mongrel_rails:128:in `run'
    /usr/lib/ruby/gems/1.8/gems/mongrel-1.1.5/lib/mongrel/command.rb:212:in `run'
    /usr/lib/ruby/gems/1.8/gems/mongrel-1.1.5/bin/mongrel_rails:281
    /usr/lib/ruby/gems/1.8/gems/activesupport-2.2.2/lib/active_support/dependencies.rb:142:in `load_without_new_constant_marking'
    /usr/lib/ruby/gems/1.8/gems/activesupport-2.2.2/lib/active_support/dependencies.rb:142:in `load'
    /usr/lib/ruby/gems/1.8/gems/activesupport-2.2.2/lib/active_support/dependencies.rb:521:in `new_constants_in'
    /usr/lib/ruby/gems/1.8/gems/activesupport-2.2.2/lib/active_support/dependencies.rb:142:in `load'
    /usr/lib/ruby/gems/1.8/gems/rails-2.2.2/lib/commands/servers/mongrel.rb:64
    /usr/local/lib/site_ruby/1.8/rubygems/custom_require.rb:31:in `gem_original_require'
    /usr/local/lib/site_ruby/1.8/rubygems/custom_require.rb:31:in `require'
    /usr/lib/ruby/gems/1.8/gems/activesupport-2.2.2/lib/active_support/dependencies.rb:153:in `require'
    /usr/lib/ruby/gems/1.8/gems/activesupport-2.2.2/lib/active_support/dependencies.rb:521:in `new_constants_in'
    /usr/lib/ruby/gems/1.8/gems/activesupport-2.2.2/lib/active_support/dependencies.rb:153:in `require'
    /usr/lib/ruby/gems/1.8/gems/rails-2.2.2/lib/commands/server.rb:49
    /usr/local/lib/site_ruby/1.8/rubygems/custom_require.rb:31:in `gem_original_require'
    /usr/local/lib/site_ruby/1.8/rubygems/custom_require.rb:31:in `require'
    ./script/server:3
    /usr/lib/ruby/gems/1.8/gems/ruby-debug-ide-0.3.1/lib/ruby-debug.rb:96:in `debug_load'
    /usr/lib/ruby/gems/1.8/gems/ruby-debug-ide-0.3.1/lib/ruby-debug.rb:96:in `main'
    /usr/lib/ruby/gems/1.8/gems/ruby-debug-ide-0.3.1/bin/rdebug-ide:76
    /usr/bin/rdebug-ide:19:in `load'
    /usr/bin/rdebug-ide:19

Rendering /usr/lib/ruby/gems/1.8/gems/actionpack-2.2.2/lib/action_controller/templates/rescues/layout.erb (internal_server_error)


Processing SessionsController#new (for 127.0.0.1 at 2009-03-06 12:52:00) [GET]
  Session ID: cd071ca45c9c13a93c7c62f85fdacc5e
  Parameters: {"action"=>"new", "controller"=>"sessions"}
Rendering template within layouts/one_box
Rendering sessions/new
  [4;35;1mUser Load (0.8ms)[0m   [0mSELECT * FROM "users" WHERE ("users"."id" = 1) LIMIT 1[0m
  [4;36;1mRole Load (0.4ms)[0m   [0;1mSELECT * FROM "roles" INNER JOIN "roles_users" ON "roles".id = "roles_users".role_id WHERE ("roles_users".user_id = 1 ) [0m
Completed in 96ms (View: 93, DB: 1) | 200 OK [http://localhost/]


Processing SessionsController#create (for 127.0.0.1 at 2009-03-06 12:52:08) [POST]
  Session ID: cd071ca45c9c13a93c7c62f85fdacc5e
  Parameters: {"commit"=>"Iniciar sesión", "openid_url"=>"", "action"=>"create", "authenticity_token"=>"37da98a3ab044277ef37e8e2edb321376f7e522c", "controller"=>"sessions", "login"=>"admin", "password"=>"[FILTERED]"}
Cookie set: auth_token=; path=/; expires=Thu, 01 Jan 1970 00:00:00 GMT
  [4;35;1mUser Load (0.8ms)[0m   [0mSELECT * FROM "users" WHERE ("users"."login" = 'admin') AND (users.state = 'active') LIMIT 1[0m
Cookie set: auth_token=; path=/
Redirected to /
Completed in 15ms (DB: 2) | 302 Found [http://localhost/session]


Processing SessionsController#new (for 127.0.0.1 at 2009-03-06 12:52:08) [GET]
  Session ID: cd071ca45c9c13a93c7c62f85fdacc5e
  Parameters: {"action"=>"new", "controller"=>"sessions"}
Rendering template within layouts/one_box
Rendering sessions/new
  [4;36;1mUser Load (0.8ms)[0m   [0;1mSELECT * FROM "users" WHERE ("users"."id" = 1) LIMIT 1[0m
  [4;35;1mRole Load (0.4ms)[0m   [0mSELECT * FROM "roles" INNER JOIN "roles_users" ON "roles".id = "roles_users".role_id WHERE ("roles_users".user_id = 1 ) [0m
Completed in 33ms (View: 30, DB: 1) | 200 OK [http://localhost/]


Processing UsersController#index (for 127.0.0.1 at 2009-03-06 12:52:15) [GET]
  Session ID: cd071ca45c9c13a93c7c62f85fdacc5e
  Parameters: {"action"=>"index", "controller"=>"users"}
  [4;36;1mUser Load (0.7ms)[0m   [0;1mSELECT * FROM "users" WHERE ("users"."id" = 1) LIMIT 1[0m
  [4;35;1mRole Load (0.4ms)[0m   [0mSELECT * FROM "roles" INNER JOIN "roles_users" ON "roles".id = "roles_users".role_id WHERE ("roles_users".user_id = 1 ) [0m
  [4;36;1mUser Load (0.2ms)[0m   [0;1mSELECT * FROM "users" WHERE (login <> 'admin' and state <> 'deleted') [0m
Rendering template within layouts/application
Rendering users/index


ActionView::MissingTemplate (Missing template users/index.erb in view path /root/desarrollo/bort/app/views:):
    /usr/lib/ruby/gems/1.8/gems/actionpack-2.2.2/lib/action_view/template.rb:95:in `find_full_path'
    /usr/lib/ruby/gems/1.8/gems/actionpack-2.2.2/lib/action_view/template.rb:16:in `initialize'
    /usr/lib/ruby/gems/1.8/gems/actionpack-2.2.2/lib/action_view/base.rb:332:in `new'
    /usr/lib/ruby/gems/1.8/gems/actionpack-2.2.2/lib/action_view/base.rb:332:in `_unmemoized__pick_template'
    /usr/lib/ruby/gems/1.8/gems/activesupport-2.2.2/lib/active_support/memoizable.rb:70:in `_pick_template'
    /usr/lib/ruby/gems/1.8/gems/actionpack-2.2.2/lib/action_view/base.rb:256:in `render'
    /usr/lib/ruby/gems/1.8/gems/actionpack-2.2.2/lib/action_view/base.rb:367:in `_render_with_layout'
    /usr/lib/ruby/gems/1.8/gems/actionpack-2.2.2/lib/action_view/base.rb:254:in `render'
    /usr/lib/ruby/gems/1.8/gems/actionpack-2.2.2/lib/action_controller/base.rb:1174:in `render_for_file'
    /usr/lib/ruby/gems/1.8/gems/actionpack-2.2.2/lib/action_controller/base.rb:905:in `render_without_benchmark'
    /usr/lib/ruby/gems/1.8/gems/actionpack-2.2.2/lib/action_controller/benchmarking.rb:51:in `render'
    /usr/lib/ruby/gems/1.8/gems/activesupport-2.2.2/lib/active_support/core_ext/benchmark.rb:8:in `realtime'
    /usr/lib/ruby/gems/1.8/gems/actionpack-2.2.2/lib/action_controller/benchmarking.rb:51:in `render'
    /usr/lib/ruby/gems/1.8/gems/actionpack-2.2.2/lib/action_controller/mime_responds.rb:135:in `send'
    /usr/lib/ruby/gems/1.8/gems/actionpack-2.2.2/lib/action_controller/mime_responds.rb:135:in `custom'
    /usr/lib/ruby/gems/1.8/gems/actionpack-2.2.2/lib/action_controller/mime_responds.rb:164:in `call'
    /usr/lib/ruby/gems/1.8/gems/actionpack-2.2.2/lib/action_controller/mime_responds.rb:164:in `respond'
    /usr/lib/ruby/gems/1.8/gems/actionpack-2.2.2/lib/action_controller/mime_responds.rb:158:in `each'
    /usr/lib/ruby/gems/1.8/gems/actionpack-2.2.2/lib/action_controller/mime_responds.rb:158:in `respond'
    /usr/lib/ruby/gems/1.8/gems/actionpack-2.2.2/lib/action_controller/mime_responds.rb:107:in `respond_to'
    /app/controllers/users_controller.rb:28:in `index'
    /usr/lib/ruby/gems/1.8/gems/actionpack-2.2.2/lib/action_controller/base.rb:1253:in `send'
    /usr/lib/ruby/gems/1.8/gems/actionpack-2.2.2/lib/action_controller/base.rb:1253:in `perform_action_without_filters'
    /usr/lib/ruby/gems/1.8/gems/actionpack-2.2.2/lib/action_controller/filters.rb:617:in `call_filters'
    /usr/lib/ruby/gems/1.8/gems/actionpack-2.2.2/lib/action_controller/filters.rb:610:in `perform_action_without_benchmark'
    /usr/lib/ruby/gems/1.8/gems/actionpack-2.2.2/lib/action_controller/benchmarking.rb:68:in `perform_action_without_rescue'
    /usr/lib/ruby/1.8/benchmark.rb:293:in `measure'
    /usr/lib/ruby/gems/1.8/gems/actionpack-2.2.2/lib/action_controller/benchmarking.rb:68:in `perform_action_without_rescue'
    /usr/lib/ruby/gems/1.8/gems/actionpack-2.2.2/lib/action_controller/rescue.rb:136:in `perform_action_without_caching'
    /usr/lib/ruby/gems/1.8/gems/actionpack-2.2.2/lib/action_controller/caching/sql_cache.rb:13:in `perform_action'
    /usr/lib/ruby/gems/1.8/gems/activerecord-2.2.2/lib/active_record/connection_adapters/abstract/query_cache.rb:34:in `cache'
    /usr/lib/ruby/gems/1.8/gems/activerecord-2.2.2/lib/active_record/query_cache.rb:8:in `cache'
    /usr/lib/ruby/gems/1.8/gems/actionpack-2.2.2/lib/action_controller/caching/sql_cache.rb:12:in `perform_action'
    /usr/lib/ruby/gems/1.8/gems/actionpack-2.2.2/lib/action_controller/base.rb:524:in `send'
    /usr/lib/ruby/gems/1.8/gems/actionpack-2.2.2/lib/action_controller/base.rb:524:in `process_without_filters'
    /usr/lib/ruby/gems/1.8/gems/actionpack-2.2.2/lib/action_controller/filters.rb:606:in `process_without_session_management_support'
    /usr/lib/ruby/gems/1.8/gems/actionpack-2.2.2/lib/action_controller/session_management.rb:134:in `process'
    /usr/lib/ruby/gems/1.8/gems/actionpack-2.2.2/lib/action_controller/base.rb:392:in `process'
    /usr/lib/ruby/gems/1.8/gems/actionpack-2.2.2/lib/action_controller/dispatcher.rb:183:in `handle_request'
    /usr/lib/ruby/gems/1.8/gems/actionpack-2.2.2/lib/action_controller/dispatcher.rb:110:in `dispatch_unlocked'
    /usr/lib/ruby/gems/1.8/gems/actionpack-2.2.2/lib/action_controller/dispatcher.rb:123:in `dispatch'
    /usr/lib/ruby/gems/1.8/gems/actionpack-2.2.2/lib/action_controller/dispatcher.rb:122:in `synchronize'
    /usr/lib/ruby/gems/1.8/gems/actionpack-2.2.2/lib/action_controller/dispatcher.rb:122:in `dispatch'
    /usr/lib/ruby/gems/1.8/gems/actionpack-2.2.2/lib/action_controller/dispatcher.rb:132:in `dispatch_cgi'
    /usr/lib/ruby/gems/1.8/gems/actionpack-2.2.2/lib/action_controller/dispatcher.rb:39:in `dispatch'
    /usr/lib/ruby/gems/1.8/gems/mongrel-1.1.5/bin/../lib/mongrel/rails.rb:76:in `process'
    /usr/lib/ruby/gems/1.8/gems/mongrel-1.1.5/bin/../lib/mongrel/rails.rb:74:in `synchronize'
    /usr/lib/ruby/gems/1.8/gems/mongrel-1.1.5/bin/../lib/mongrel/rails.rb:74:in `process'
    /usr/lib/ruby/gems/1.8/gems/mongrel-1.1.5/lib/mongrel.rb:159:in `process_client'
    /usr/lib/ruby/gems/1.8/gems/mongrel-1.1.5/lib/mongrel.rb:158:in `each'
    /usr/lib/ruby/gems/1.8/gems/mongrel-1.1.5/lib/mongrel.rb:158:in `process_client'
    /usr/lib/ruby/gems/1.8/gems/mongrel-1.1.5/lib/mongrel.rb:285:in `run'
    /usr/lib/ruby/gems/1.8/gems/mongrel-1.1.5/lib/mongrel.rb:285:in `initialize'
    /usr/lib/ruby/gems/1.8/gems/mongrel-1.1.5/lib/mongrel.rb:285:in `new'
    /usr/lib/ruby/gems/1.8/gems/mongrel-1.1.5/lib/mongrel.rb:285:in `run'
    /usr/lib/ruby/gems/1.8/gems/mongrel-1.1.5/lib/mongrel.rb:268:in `initialize'
    /usr/lib/ruby/gems/1.8/gems/mongrel-1.1.5/lib/mongrel.rb:268:in `new'
    /usr/lib/ruby/gems/1.8/gems/mongrel-1.1.5/lib/mongrel.rb:268:in `run'
    /usr/lib/ruby/gems/1.8/gems/mongrel-1.1.5/lib/mongrel/configurator.rb:282:in `run'
    /usr/lib/ruby/gems/1.8/gems/mongrel-1.1.5/lib/mongrel/configurator.rb:281:in `each'
    /usr/lib/ruby/gems/1.8/gems/mongrel-1.1.5/lib/mongrel/configurator.rb:281:in `run'
    /usr/lib/ruby/gems/1.8/gems/mongrel-1.1.5/bin/mongrel_rails:128:in `run'
    /usr/lib/ruby/gems/1.8/gems/mongrel-1.1.5/lib/mongrel/command.rb:212:in `run'
    /usr/lib/ruby/gems/1.8/gems/mongrel-1.1.5/bin/mongrel_rails:281
    /usr/lib/ruby/gems/1.8/gems/activesupport-2.2.2/lib/active_support/dependencies.rb:142:in `load_without_new_constant_marking'
    /usr/lib/ruby/gems/1.8/gems/activesupport-2.2.2/lib/active_support/dependencies.rb:142:in `load'
    /usr/lib/ruby/gems/1.8/gems/activesupport-2.2.2/lib/active_support/dependencies.rb:521:in `new_constants_in'
    /usr/lib/ruby/gems/1.8/gems/activesupport-2.2.2/lib/active_support/dependencies.rb:142:in `load'
    /usr/lib/ruby/gems/1.8/gems/rails-2.2.2/lib/commands/servers/mongrel.rb:64
    /usr/local/lib/site_ruby/1.8/rubygems/custom_require.rb:31:in `gem_original_require'
    /usr/local/lib/site_ruby/1.8/rubygems/custom_require.rb:31:in `require'
    /usr/lib/ruby/gems/1.8/gems/activesupport-2.2.2/lib/active_support/dependencies.rb:153:in `require'
    /usr/lib/ruby/gems/1.8/gems/activesupport-2.2.2/lib/active_support/dependencies.rb:521:in `new_constants_in'
    /usr/lib/ruby/gems/1.8/gems/activesupport-2.2.2/lib/active_support/dependencies.rb:153:in `require'
    /usr/lib/ruby/gems/1.8/gems/rails-2.2.2/lib/commands/server.rb:49
    /usr/local/lib/site_ruby/1.8/rubygems/custom_require.rb:31:in `gem_original_require'
    /usr/local/lib/site_ruby/1.8/rubygems/custom_require.rb:31:in `require'
    ./script/server:3
    /usr/lib/ruby/gems/1.8/gems/ruby-debug-ide-0.3.1/lib/ruby-debug.rb:96:in `debug_load'
    /usr/lib/ruby/gems/1.8/gems/ruby-debug-ide-0.3.1/lib/ruby-debug.rb:96:in `main'
    /usr/lib/ruby/gems/1.8/gems/ruby-debug-ide-0.3.1/bin/rdebug-ide:76
    /usr/bin/rdebug-ide:19:in `load'
    /usr/bin/rdebug-ide:19

Rendering /usr/lib/ruby/gems/1.8/gems/actionpack-2.2.2/lib/action_controller/templates/rescues/layout.erb (internal_server_error)


Processing SessionsController#new (for 127.0.0.1 at 2009-03-06 12:53:34) [GET]
  Session ID: cd071ca45c9c13a93c7c62f85fdacc5e
  Parameters: {"action"=>"new", "controller"=>"sessions"}
Rendering template within layouts/one_box
Rendering sessions/new
  [4;35;1mUser Load (0.7ms)[0m   [0mSELECT * FROM "users" WHERE ("users"."id" = 1) LIMIT 1[0m
Completed in 24ms (View: 21, DB: 1) | 200 OK [http://localhost/]


Processing SessionsController#new (for 127.0.0.1 at 2009-03-06 12:53:42) [GET]
  Session ID: cd071ca45c9c13a93c7c62f85fdacc5e
  Parameters: {"action"=>"new", "controller"=>"sessions"}
Rendering template within layouts/one_box
Rendering sessions/new
  [4;36;1mUser Load (0.8ms)[0m   [0;1mSELECT * FROM "users" WHERE ("users"."id" = 1) LIMIT 1[0m
  [4;35;1mRole Load (0.5ms)[0m   [0mSELECT * FROM "roles" INNER JOIN "roles_users" ON "roles".id = "roles_users".role_id WHERE ("roles_users".user_id = 1 ) [0m
Completed in 43ms (View: 36, DB: 1) | 200 OK [http://localhost/]


Processing SessionsController#new (for 127.0.0.1 at 2009-03-06 12:53:58) [GET]
  Session ID: cd071ca45c9c13a93c7c62f85fdacc5e
  Parameters: {"action"=>"new", "controller"=>"sessions"}
Rendering template within layouts/one_box
Rendering sessions/new
  [4;36;1mUser Load (0.8ms)[0m   [0;1mSELECT * FROM "users" WHERE ("users"."id" = 1) LIMIT 1[0m
Completed in 25ms (View: 22, DB: 1) | 200 OK [http://localhost/]


Processing SessionsController#new (for 127.0.0.1 at 2009-03-06 12:55:00) [GET]
  Session ID: cd071ca45c9c13a93c7c62f85fdacc5e
  Parameters: {"action"=>"new", "controller"=>"sessions"}
Rendering template within layouts/one_box
Rendering sessions/new
  [4;35;1mUser Load (0.8ms)[0m   [0mSELECT * FROM "users" WHERE ("users"."id" = 1) LIMIT 1[0m
  [4;36;1mRole Load (0.4ms)[0m   [0;1mSELECT * FROM "roles" INNER JOIN "roles_users" ON "roles".id = "roles_users".role_id WHERE ("roles_users".user_id = 1 ) [0m
Completed in 35ms (View: 31, DB: 1) | 200 OK [http://localhost/]


Processing UsersController#edit (for 127.0.0.1 at 2009-03-06 12:55:08) [GET]
  Session ID: cd071ca45c9c13a93c7c62f85fdacc5e
  Parameters: {"action"=>"edit", "id"=>"1", "controller"=>"users"}
  [4;35;1mUser Load (0.7ms)[0m   [0mSELECT * FROM "users" WHERE ("users"."id" = 1) LIMIT 1[0m
  [4;36;1mUser Load (0.7ms)[0m   [0;1mSELECT * FROM "users" WHERE ("users"."id" = 1) [0m
Rendering template within layouts/application
Rendering users/edit


ActionView::MissingTemplate (Missing template users/edit.erb in view path /root/desarrollo/bort/app/views:):
    /usr/lib/ruby/gems/1.8/gems/actionpack-2.2.2/lib/action_view/template.rb:95:in `find_full_path'
    /usr/lib/ruby/gems/1.8/gems/actionpack-2.2.2/lib/action_view/template.rb:16:in `initialize'
    /usr/lib/ruby/gems/1.8/gems/actionpack-2.2.2/lib/action_view/base.rb:332:in `new'
    /usr/lib/ruby/gems/1.8/gems/actionpack-2.2.2/lib/action_view/base.rb:332:in `_unmemoized__pick_template'
    /usr/lib/ruby/gems/1.8/gems/activesupport-2.2.2/lib/active_support/memoizable.rb:70:in `_pick_template'
    /usr/lib/ruby/gems/1.8/gems/actionpack-2.2.2/lib/action_view/base.rb:256:in `render'
    /usr/lib/ruby/gems/1.8/gems/actionpack-2.2.2/lib/action_view/base.rb:367:in `_render_with_layout'
    /usr/lib/ruby/gems/1.8/gems/actionpack-2.2.2/lib/action_view/base.rb:254:in `render'
    /usr/lib/ruby/gems/1.8/gems/actionpack-2.2.2/lib/action_controller/base.rb:1174:in `render_for_file'
    /usr/lib/ruby/gems/1.8/gems/actionpack-2.2.2/lib/action_controller/base.rb:896:in `render_without_benchmark'
    /usr/lib/ruby/gems/1.8/gems/actionpack-2.2.2/lib/action_controller/benchmarking.rb:51:in `render'
    /usr/lib/ruby/gems/1.8/gems/activesupport-2.2.2/lib/active_support/core_ext/benchmark.rb:8:in `realtime'
    /usr/lib/ruby/gems/1.8/gems/actionpack-2.2.2/lib/action_controller/benchmarking.rb:51:in `render'
    /usr/lib/ruby/gems/1.8/gems/actionpack-2.2.2/lib/action_controller/base.rb:868:in `render_without_benchmark'
    /usr/lib/ruby/gems/1.8/gems/actionpack-2.2.2/lib/action_controller/benchmarking.rb:51:in `render'
    /usr/lib/ruby/gems/1.8/gems/activesupport-2.2.2/lib/active_support/core_ext/benchmark.rb:8:in `realtime'
    /usr/lib/ruby/gems/1.8/gems/actionpack-2.2.2/lib/action_controller/benchmarking.rb:51:in `render'
    /usr/lib/ruby/gems/1.8/gems/actionpack-2.2.2/lib/action_controller/base.rb:1248:in `default_render'
    /usr/lib/ruby/gems/1.8/gems/actionpack-2.2.2/lib/action_controller/base.rb:1254:in `perform_action_without_filters'
    /usr/lib/ruby/gems/1.8/gems/actionpack-2.2.2/lib/action_controller/filters.rb:617:in `call_filters'
    /usr/lib/ruby/gems/1.8/gems/actionpack-2.2.2/lib/action_controller/filters.rb:610:in `perform_action_without_benchmark'
    /usr/lib/ruby/gems/1.8/gems/actionpack-2.2.2/lib/action_controller/benchmarking.rb:68:in `perform_action_without_rescue'
    /usr/lib/ruby/1.8/benchmark.rb:293:in `measure'
    /usr/lib/ruby/gems/1.8/gems/actionpack-2.2.2/lib/action_controller/benchmarking.rb:68:in `perform_action_without_rescue'
    /usr/lib/ruby/gems/1.8/gems/actionpack-2.2.2/lib/action_controller/rescue.rb:136:in `perform_action_without_caching'
    /usr/lib/ruby/gems/1.8/gems/actionpack-2.2.2/lib/action_controller/caching/sql_cache.rb:13:in `perform_action'
    /usr/lib/ruby/gems/1.8/gems/activerecord-2.2.2/lib/active_record/connection_adapters/abstract/query_cache.rb:34:in `cache'
    /usr/lib/ruby/gems/1.8/gems/activerecord-2.2.2/lib/active_record/query_cache.rb:8:in `cache'
    /usr/lib/ruby/gems/1.8/gems/actionpack-2.2.2/lib/action_controller/caching/sql_cache.rb:12:in `perform_action'
    /usr/lib/ruby/gems/1.8/gems/actionpack-2.2.2/lib/action_controller/base.rb:524:in `send'
    /usr/lib/ruby/gems/1.8/gems/actionpack-2.2.2/lib/action_controller/base.rb:524:in `process_without_filters'
    /usr/lib/ruby/gems/1.8/gems/actionpack-2.2.2/lib/action_controller/filters.rb:606:in `process_without_session_management_support'
    /usr/lib/ruby/gems/1.8/gems/actionpack-2.2.2/lib/action_controller/session_management.rb:134:in `process'
    /usr/lib/ruby/gems/1.8/gems/actionpack-2.2.2/lib/action_controller/base.rb:392:in `process'
    /usr/lib/ruby/gems/1.8/gems/actionpack-2.2.2/lib/action_controller/dispatcher.rb:183:in `handle_request'
    /usr/lib/ruby/gems/1.8/gems/actionpack-2.2.2/lib/action_controller/dispatcher.rb:110:in `dispatch_unlocked'
    /usr/lib/ruby/gems/1.8/gems/actionpack-2.2.2/lib/action_controller/dispatcher.rb:123:in `dispatch'
    /usr/lib/ruby/gems/1.8/gems/actionpack-2.2.2/lib/action_controller/dispatcher.rb:122:in `synchronize'
    /usr/lib/ruby/gems/1.8/gems/actionpack-2.2.2/lib/action_controller/dispatcher.rb:122:in `dispatch'
    /usr/lib/ruby/gems/1.8/gems/actionpack-2.2.2/lib/action_controller/dispatcher.rb:132:in `dispatch_cgi'
    /usr/lib/ruby/gems/1.8/gems/actionpack-2.2.2/lib/action_controller/dispatcher.rb:39:in `dispatch'
    /usr/lib/ruby/gems/1.8/gems/mongrel-1.1.5/bin/../lib/mongrel/rails.rb:76:in `process'
    /usr/lib/ruby/gems/1.8/gems/mongrel-1.1.5/bin/../lib/mongrel/rails.rb:74:in `synchronize'
    /usr/lib/ruby/gems/1.8/gems/mongrel-1.1.5/bin/../lib/mongrel/rails.rb:74:in `process'
    /usr/lib/ruby/gems/1.8/gems/mongrel-1.1.5/lib/mongrel.rb:159:in `process_client'
    /usr/lib/ruby/gems/1.8/gems/mongrel-1.1.5/lib/mongrel.rb:158:in `each'
    /usr/lib/ruby/gems/1.8/gems/mongrel-1.1.5/lib/mongrel.rb:158:in `process_client'
    /usr/lib/ruby/gems/1.8/gems/mongrel-1.1.5/lib/mongrel.rb:285:in `run'
    /usr/lib/ruby/gems/1.8/gems/mongrel-1.1.5/lib/mongrel.rb:285:in `initialize'
    /usr/lib/ruby/gems/1.8/gems/mongrel-1.1.5/lib/mongrel.rb:285:in `new'
    /usr/lib/ruby/gems/1.8/gems/mongrel-1.1.5/lib/mongrel.rb:285:in `run'
    /usr/lib/ruby/gems/1.8/gems/mongrel-1.1.5/lib/mongrel.rb:268:in `initialize'
    /usr/lib/ruby/gems/1.8/gems/mongrel-1.1.5/lib/mongrel.rb:268:in `new'
    /usr/lib/ruby/gems/1.8/gems/mongrel-1.1.5/lib/mongrel.rb:268:in `run'
    /usr/lib/ruby/gems/1.8/gems/mongrel-1.1.5/lib/mongrel/configurator.rb:282:in `run'
    /usr/lib/ruby/gems/1.8/gems/mongrel-1.1.5/lib/mongrel/configurator.rb:281:in `each'
    /usr/lib/ruby/gems/1.8/gems/mongrel-1.1.5/lib/mongrel/configurator.rb:281:in `run'
    /usr/lib/ruby/gems/1.8/gems/mongrel-1.1.5/bin/mongrel_rails:128:in `run'
    /usr/lib/ruby/gems/1.8/gems/mongrel-1.1.5/lib/mongrel/command.rb:212:in `run'
    /usr/lib/ruby/gems/1.8/gems/mongrel-1.1.5/bin/mongrel_rails:281
    /usr/lib/ruby/gems/1.8/gems/activesupport-2.2.2/lib/active_support/dependencies.rb:142:in `load_without_new_constant_marking'
    /usr/lib/ruby/gems/1.8/gems/activesupport-2.2.2/lib/active_support/dependencies.rb:142:in `load'
    /usr/lib/ruby/gems/1.8/gems/activesupport-2.2.2/lib/active_support/dependencies.rb:521:in `new_constants_in'
    /usr/lib/ruby/gems/1.8/gems/activesupport-2.2.2/lib/active_support/dependencies.rb:142:in `load'
    /usr/lib/ruby/gems/1.8/gems/rails-2.2.2/lib/commands/servers/mongrel.rb:64
    /usr/local/lib/site_ruby/1.8/rubygems/custom_require.rb:31:in `gem_original_require'
    /usr/local/lib/site_ruby/1.8/rubygems/custom_require.rb:31:in `require'
    /usr/lib/ruby/gems/1.8/gems/activesupport-2.2.2/lib/active_support/dependencies.rb:153:in `require'
    /usr/lib/ruby/gems/1.8/gems/activesupport-2.2.2/lib/active_support/dependencies.rb:521:in `new_constants_in'
    /usr/lib/ruby/gems/1.8/gems/activesupport-2.2.2/lib/active_support/dependencies.rb:153:in `require'
    /usr/lib/ruby/gems/1.8/gems/rails-2.2.2/lib/commands/server.rb:49
    /usr/local/lib/site_ruby/1.8/rubygems/custom_require.rb:31:in `gem_original_require'
    /usr/local/lib/site_ruby/1.8/rubygems/custom_require.rb:31:in `require'
    ./script/server:3
    /usr/lib/ruby/gems/1.8/gems/ruby-debug-ide-0.3.1/lib/ruby-debug.rb:96:in `debug_load'
    /usr/lib/ruby/gems/1.8/gems/ruby-debug-ide-0.3.1/lib/ruby-debug.rb:96:in `main'
    /usr/lib/ruby/gems/1.8/gems/ruby-debug-ide-0.3.1/bin/rdebug-ide:76
    /usr/bin/rdebug-ide:19:in `load'
    /usr/bin/rdebug-ide:19

Rendering /usr/lib/ruby/gems/1.8/gems/actionpack-2.2.2/lib/action_controller/templates/rescues/layout.erb (internal_server_error)


Processing SessionsController#destroy (for 127.0.0.1 at 2009-03-06 12:55:12) [GET]
  Session ID: cd071ca45c9c13a93c7c62f85fdacc5e
  Parameters: {"action"=>"destroy", "controller"=>"sessions"}
  [4;35;1mUser Load (0.9ms)[0m   [0mSELECT * FROM "users" WHERE ("users"."id" = 1) LIMIT 1[0m
Cookie set: auth_token=; path=/; expires=Thu, 01 Jan 1970 00:00:00 GMT
Redirected to /
Completed in 27ms (DB: 3) | 302 Found [http://localhost/logout]


Processing SessionsController#new (for 127.0.0.1 at 2009-03-06 12:55:13) [GET]
  Session ID: 5664db5ab9f6b4a56c9941402212007c
  Parameters: {"action"=>"new", "controller"=>"sessions"}
Rendering template within layouts/one_box
Rendering sessions/new
Completed in 18ms (View: 15, DB: 1) | 200 OK [http://localhost/]


Processing SessionsController#new (for 127.0.0.1 at 2009-03-06 12:55:28) [GET]
  Session ID: 5664db5ab9f6b4a56c9941402212007c
  Parameters: {"action"=>"new", "controller"=>"sessions"}
Rendering template within layouts/one_box
Rendering sessions/new
Completed in 18ms (View: 15, DB: 1) | 200 OK [http://localhost/]


Processing SessionsController#new (for 127.0.0.1 at 2009-03-06 12:55:31) [GET]
  Session ID: 5664db5ab9f6b4a56c9941402212007c
  Parameters: {"action"=>"new", "controller"=>"sessions"}
Rendering template within layouts/one_box
Rendering sessions/new
Completed in 18ms (View: 15, DB: 1) | 200 OK [http://localhost/login]


Processing SessionsController#create (for 127.0.0.1 at 2009-03-06 12:55:36) [POST]
  Session ID: 5664db5ab9f6b4a56c9941402212007c
  Parameters: {"commit"=>"Iniciar sesión", "openid_url"=>"", "action"=>"create", "authenticity_token"=>"72dea25e4536280859ddfa6e97ad3292afabacf6", "controller"=>"sessions", "login"=>"admin", "password"=>"[FILTERED]"}
Cookie set: auth_token=; path=/; expires=Thu, 01 Jan 1970 00:00:00 GMT
  [4;36;1mUser Load (0.8ms)[0m   [0;1mSELECT * FROM "users" WHERE ("users"."login" = 'admin') AND (users.state = 'active') LIMIT 1[0m
Cookie set: auth_token=; path=/
Redirected to /
Completed in 15ms (DB: 2) | 302 Found [http://localhost/session]


Processing SessionsController#new (for 127.0.0.1 at 2009-03-06 12:55:37) [GET]
  Session ID: 5664db5ab9f6b4a56c9941402212007c
  Parameters: {"action"=>"new", "controller"=>"sessions"}
Rendering template within layouts/one_box
Rendering sessions/new
  [4;35;1mUser Load (0.8ms)[0m   [0mSELECT * FROM "users" WHERE ("users"."id" = 1) LIMIT 1[0m
  [4;36;1mRole Load (0.4ms)[0m   [0;1mSELECT * FROM "roles" INNER JOIN "roles_users" ON "roles".id = "roles_users".role_id WHERE ("roles_users".user_id = 1 ) [0m
Completed in 34ms (View: 31, DB: 1) | 200 OK [http://localhost/]


Processing SessionsController#destroy (for 127.0.0.1 at 2009-03-06 12:55:43) [GET]
  Session ID: 5664db5ab9f6b4a56c9941402212007c
  Parameters: {"action"=>"destroy", "controller"=>"sessions"}
  [4;35;1mUser Load (0.8ms)[0m   [0mSELECT * FROM "users" WHERE ("users"."id" = 1) LIMIT 1[0m
Cookie set: auth_token=; path=/; expires=Thu, 01 Jan 1970 00:00:00 GMT
Redirected to /
Completed in 22ms (DB: 2) | 302 Found [http://localhost/logout]


Processing SessionsController#new (for 127.0.0.1 at 2009-03-06 12:55:43) [GET]
  Session ID: 68c5e1d6a8b686dd39aba00c68d3ab46
  Parameters: {"action"=>"new", "controller"=>"sessions"}
Rendering template within layouts/one_box
Rendering sessions/new
Completed in 92ms (View: 16, DB: 1) | 200 OK [http://localhost/]
